#
# A fatal error has been detected by the Java Runtime Environment:
#
#  SIGSEGV (0xb) at pc=0x000000010f565a8b, pid=27489, tid=0x0000000000009c03
#
# JRE version: OpenJDK Runtime Environment (8.0_282) (build 1.8.0_282-bre_2021_01_20_16_06-b00)
# Java VM: OpenJDK 64-Bit Server VM (25.282-b00 mixed mode bsd-amd64 compressed oops)
# Problematic frame:
# V  [libjvm.dylib+0x565a8b]
#
# Failed to write core dump. Core dumps have been disabled. To enable core dumping, try "ulimit -c unlimited" before starting Java again
#
# If you would like to submit a bug report, please visit:
#   http://bugreport.java.com/bugreport/crash.jsp
#

---------------  T H R E A D  ---------------

Current thread (0x00007fe517608800):  JavaThread "reactor-http-nio-1" daemon [_thread_in_vm, id=39939, stack(0x0000700003fe3000,0x00007000040e3000)]

siginfo: si_signo: 11 (SIGSEGV), si_code: 1 (SEGV_MAPERR), si_addr: 0x0000000000000000

Registers:
RAX=0x000000010f700190, RBX=0x00007fe517608800, RCX=0x00007fe51c500004, RDX=0x0000000000000000
RSP=0x00007000040e1e00, RBP=0x00007000040e1e30, RSI=0x00007000040e1ee8, RDI=0x00007fe517608a50
R8 =0x000000000000002f, R9 =0x0000000000000006, R10=0x0000000113b0a7bc, R11=0x000000010f4e5837
R12=0x0000000000000000, R13=0x0000000111336db0, R14=0x000000000000002f, R15=0x00007fe51c500004
RIP=0x000000010f565a8b, EFLAGS=0x0000000000010246, ERR=0x0000000000000004
  TRAPNO=0x000000000000000e

Top of Stack: (sp=0x00007000040e1e00)
0x00007000040e1e00:   00007fe517608800 00007fe517608800
0x00007000040e1e10:   0000000111336db0 0000000000000000
0x00007000040e1e20:   00007000040e1ee8 00007fe517608800
0x00007000040e1e30:   00007000040e1ea8 0000000113b0a7e8
0x00007000040e1e40:   0000000111336db0 00007000040e1ee8
0x00007000040e1e50:   00007000040e1ea8 0000000113b0a267
0x00007000040e1e60:   0000000113b0a222 00007000040e1e68
0x00007000040e1e70:   0000000111336db0 00007000040e1ee8
0x00007000040e1e80:   0000000111367528 0000000000000000
0x00007000040e1e90:   0000000111336db0 0000000000000000
0x00007000040e1ea0:   00007000040e1ec8 00007000040e1f30
0x00007000040e1eb0:   0000000113af209d 0000000000000000
0x00007000040e1ec0:   0000000113b00a78 000000000000002f
0x00007000040e1ed0:   00007fe51c500004 0000000113b033b9
0x00007000040e1ee0:   0000000000000000 00000006c0014930
0x00007000040e1ef0:   00007000040e1ef0 000000012bb33f16
0x00007000040e1f00:   00007000040e1f58 000000012bb36728
0x00007000040e1f10:   0000000000000000 000000012bb33f48
0x00007000040e1f20:   00007000040e1ec8 00007000040e1f40
0x00007000040e1f30:   00007000040e1fa0 0000000113af209d
0x00007000040e1f40:   000000000000002f 00007fe51c500004
0x00007000040e1f50:   0000000000000000 0000000000000000
0x00007000040e1f60:   00007000040e1f60 000000012bb22eb3
0x00007000040e1f70:   00007000040e1fc8 000000012b73d128
0x00007000040e1f80:   0000000000000000 000000012bb22ee8
0x00007000040e1f90:   00007000040e1f40 00007000040e1fb0
0x00007000040e1fa0:   00007000040e2010 0000000113af209d
0x00007000040e1fb0:   000000000000002f 00007fe51c500004
0x00007000040e1fc0:   0000000000000000 0000000000000000
0x00007000040e1fd0:   00007000040e1fd0 000000012c879d89
0x00007000040e1fe0:   00007000040e2090 000000012c87c450
0x00007000040e1ff0:   0000000000000000 000000012c879fb0 

Instructions: (pc=0x000000010f565a8b)
0x000000010f565a6b:   00 30 74 08 48 89 df e8 4d 96 fe ff c7 83 c8 02
0x000000010f565a7b:   00 00 06 00 00 00 48 89 5d d8 41 f6 c4 01 75 06
0x000000010f565a8b:   49 8b 04 24 eb 08 4c 89 e7 e8 31 2b dd ff 46 88
0x000000010f565a9b:   34 38 48 8d 7d d8 e8 6e b6 d9 ff 48 8d 7d d0 e8 

Register to memory mapping:

RAX=0x000000010f700190: _ZN20SafepointSynchronize6_stateE+0 in /usr/local/Cellar/openjdk@8/1.8.0+282/libexec/openjdk.jdk/Contents/Home/jre/lib/server/libjvm.dylib at 0x000000010f000000
RBX=0x00007fe517608800 is a thread
RCX=0x00007fe51c500004 is an unknown value
RDX=0x0000000000000000 is an unknown value
RSP=0x00007000040e1e00 is pointing into the stack for thread: 0x00007fe517608800
RBP=0x00007000040e1e30 is pointing into the stack for thread: 0x00007fe517608800
RSI=0x00007000040e1ee8 is pointing into the stack for thread: 0x00007fe517608800
RDI=0x00007fe517608a50 is an unknown value
R8 =0x000000000000002f is an unknown value
R9 =0x0000000000000006 is an unknown value
R10=0x0000000113b0a7bc is at code_begin+1596 in an Interpreter codelet
method entry point (kind = native)  [0x0000000113b0a180, 0x0000000113b0b160]  4064 bytes
R11=0x000000010f4e5837: throw_unsatisfied_link_error+0 in /usr/local/Cellar/openjdk@8/1.8.0+282/libexec/openjdk.jdk/Contents/Home/jre/lib/server/libjvm.dylib at 0x000000010f000000
R12=0x0000000000000000 is an unknown value
R13={method} {0x0000000111336db0} 'putByte' '(Ljava/lang/Object;JB)V' in 'sun/misc/Unsafe'
R14=0x000000000000002f is an unknown value
R15=0x00007fe51c500004 is an unknown value


Stack: [0x0000700003fe3000,0x00007000040e3000],  sp=0x00007000040e1e00,  free space=1019k
Native frames: (J=compiled Java code, j=interpreted, Vv=VM code, C=native code)
V  [libjvm.dylib+0x565a8b]
j  sun.misc.Unsafe.putByte(Ljava/lang/Object;JB)V+0
j  io.netty.util.internal.PlatformDependent0.putByte(Ljava/lang/Object;JB)V+6
j  io.netty.util.internal.PlatformDependent.putByte(Ljava/lang/Object;JB)V+3
j  io.netty.buffer.ByteBufUtil.unsafeWriteUtf8([BJILjava/lang/CharSequence;II)I+73
j  io.netty.buffer.ByteBufUtil.writeUtf8(Lio/netty/buffer/AbstractByteBuf;IILjava/lang/CharSequence;II)I+79
j  io.netty.buffer.ByteBufUtil.writeUtf8(Lio/netty/buffer/AbstractByteBuf;IILjava/lang/CharSequence;I)I+7
j  io.netty.buffer.AbstractByteBuf.setCharSequence0(ILjava/lang/CharSequence;Ljava/nio/charset/Charset;Z)I+55
j  io.netty.buffer.AbstractByteBuf.writeCharSequence(Ljava/lang/CharSequence;Ljava/nio/charset/Charset;)I+8
j  io.netty.handler.codec.http.HttpRequestEncoder.encodeInitialLine(Lio/netty/buffer/ByteBuf;Lio/netty/handler/codec/http/HttpRequest;)V+144
j  io.netty.handler.codec.http.HttpRequestEncoder.encodeInitialLine(Lio/netty/buffer/ByteBuf;Lio/netty/handler/codec/http/HttpMessage;)V+6
j  io.netty.handler.codec.http.HttpObjectEncoder.encode(Lio/netty/channel/ChannelHandlerContext;Ljava/lang/Object;Ljava/util/List;)V+88
j  io.netty.handler.codec.http.HttpClientCodec$Encoder.encode(Lio/netty/channel/ChannelHandlerContext;Ljava/lang/Object;Ljava/util/List;)V+52
j  io.netty.handler.codec.MessageToMessageEncoder.write(Lio/netty/channel/ChannelHandlerContext;Ljava/lang/Object;Lio/netty/channel/ChannelPromise;)V+25
j  io.netty.channel.CombinedChannelDuplexHandler.write(Lio/netty/channel/ChannelHandlerContext;Ljava/lang/Object;Lio/netty/channel/ChannelPromise;)V+45
j  io.netty.channel.AbstractChannelHandlerContext.invokeWrite0(Ljava/lang/Object;Lio/netty/channel/ChannelPromise;)V+10
j  io.netty.channel.AbstractChannelHandlerContext.invokeWriteAndFlush(Ljava/lang/Object;Lio/netty/channel/ChannelPromise;)V+10
j  io.netty.channel.AbstractChannelHandlerContext$WriteTask.run()V+41
j  io.netty.util.concurrent.AbstractEventExecutor.safeExecute$$$capture(Ljava/lang/Runnable;)V+1
j  io.netty.util.concurrent.AbstractEventExecutor.safeExecute(Ljava/lang/Runnable;)V+6
j  io.netty.util.concurrent.SingleThreadEventExecutor.runAllTasks(J)Z+41
j  io.netty.channel.nio.NioEventLoop.run()V+329
j  io.netty.util.concurrent.SingleThreadEventExecutor$4.run()V+44
j  io.netty.util.internal.ThreadExecutorMap$2.run()V+11
j  io.netty.util.concurrent.FastThreadLocalRunnable.run()V+4
j  java.lang.Thread.run()V+11
v  ~StubRoutines::call_stub
V  [libjvm.dylib+0x2cca1f]
V  [libjvm.dylib+0x2cb892]
V  [libjvm.dylib+0x2cba73]
V  [libjvm.dylib+0x3475d9]
V  [libjvm.dylib+0x54d9fc]
V  [libjvm.dylib+0x54d8c1]
V  [libjvm.dylib+0x484453]
C  [libsystem_pthread.dylib+0x6950]  _pthread_start+0xe0
C  [libsystem_pthread.dylib+0x247b]  thread_start+0xf
C  0x0000000000000000

Java frames: (J=compiled Java code, j=interpreted, Vv=VM code)
j  sun.misc.Unsafe.putByte(Ljava/lang/Object;JB)V+0
j  io.netty.util.internal.PlatformDependent0.putByte(Ljava/lang/Object;JB)V+6
j  io.netty.util.internal.PlatformDependent.putByte(Ljava/lang/Object;JB)V+3
j  io.netty.buffer.ByteBufUtil.unsafeWriteUtf8([BJILjava/lang/CharSequence;II)I+73
j  io.netty.buffer.ByteBufUtil.writeUtf8(Lio/netty/buffer/AbstractByteBuf;IILjava/lang/CharSequence;II)I+79
j  io.netty.buffer.ByteBufUtil.writeUtf8(Lio/netty/buffer/AbstractByteBuf;IILjava/lang/CharSequence;I)I+7
j  io.netty.buffer.AbstractByteBuf.setCharSequence0(ILjava/lang/CharSequence;Ljava/nio/charset/Charset;Z)I+55
j  io.netty.buffer.AbstractByteBuf.writeCharSequence(Ljava/lang/CharSequence;Ljava/nio/charset/Charset;)I+8
j  io.netty.handler.codec.http.HttpRequestEncoder.encodeInitialLine(Lio/netty/buffer/ByteBuf;Lio/netty/handler/codec/http/HttpRequest;)V+144
j  io.netty.handler.codec.http.HttpRequestEncoder.encodeInitialLine(Lio/netty/buffer/ByteBuf;Lio/netty/handler/codec/http/HttpMessage;)V+6
j  io.netty.handler.codec.http.HttpObjectEncoder.encode(Lio/netty/channel/ChannelHandlerContext;Ljava/lang/Object;Ljava/util/List;)V+88
j  io.netty.handler.codec.http.HttpClientCodec$Encoder.encode(Lio/netty/channel/ChannelHandlerContext;Ljava/lang/Object;Ljava/util/List;)V+52
j  io.netty.handler.codec.MessageToMessageEncoder.write(Lio/netty/channel/ChannelHandlerContext;Ljava/lang/Object;Lio/netty/channel/ChannelPromise;)V+25
j  io.netty.channel.CombinedChannelDuplexHandler.write(Lio/netty/channel/ChannelHandlerContext;Ljava/lang/Object;Lio/netty/channel/ChannelPromise;)V+45
j  io.netty.channel.AbstractChannelHandlerContext.invokeWrite0(Ljava/lang/Object;Lio/netty/channel/ChannelPromise;)V+10
j  io.netty.channel.AbstractChannelHandlerContext.invokeWriteAndFlush(Ljava/lang/Object;Lio/netty/channel/ChannelPromise;)V+10
j  io.netty.channel.AbstractChannelHandlerContext$WriteTask.run()V+41
j  io.netty.util.concurrent.AbstractEventExecutor.safeExecute$$$capture(Ljava/lang/Runnable;)V+1
j  io.netty.util.concurrent.AbstractEventExecutor.safeExecute(Ljava/lang/Runnable;)V+6
j  io.netty.util.concurrent.SingleThreadEventExecutor.runAllTasks(J)Z+41
j  io.netty.channel.nio.NioEventLoop.run()V+329
j  io.netty.util.concurrent.SingleThreadEventExecutor$4.run()V+44
j  io.netty.util.internal.ThreadExecutorMap$2.run()V+11
j  io.netty.util.concurrent.FastThreadLocalRunnable.run()V+4
j  java.lang.Thread.run()V+11
v  ~StubRoutines::call_stub

---------------  P R O C E S S  ---------------

Java Threads: ( => current thread )
  0x00007fe51613b000 JavaThread "reactor-http-nio-4" daemon [_thread_in_native, id=26627, stack(0x0000700004a01000,0x0000700004b01000)]
  0x00007fe517106800 JavaThread "pool-10-thread-1" daemon [_thread_blocked, id=38147, stack(0x00007000048fe000,0x00007000049fe000)]
  0x00007fe517109800 JavaThread "parallel-1" daemon [_thread_blocked, id=38403, stack(0x00007000047fb000,0x00007000048fb000)]
  0x00007fe517617800 JavaThread "reactor-http-nio-3" daemon [_thread_in_native, id=25359, stack(0x00007000046f8000,0x00007000047f8000)]
  0x00007fe517616800 JavaThread "reactor-http-nio-2" daemon [_thread_in_native, id=38919, stack(0x00007000045f5000,0x00007000046f5000)]
  0x00007fe516c33000 JavaThread "DiscoveryClient-CacheRefreshExecutor-0" daemon [_thread_blocked, id=19207, stack(0x00007000044f2000,0x00007000045f2000)]
  0x00007fe516c32000 JavaThread "DiscoveryClient-HeartbeatExecutor-0" daemon [_thread_blocked, id=12551, stack(0x00007000042ec000,0x00007000043ec000)]
  0x00007fe5159b4800 JavaThread "RMI TCP Connection(idle)" daemon [_thread_blocked, id=25603, stack(0x00007000043ef000,0x00007000044ef000)]
  0x00007fe516133800 JavaThread "RMI TCP Connection(idle)" daemon [_thread_blocked, id=25091, stack(0x00007000041e9000,0x00007000042e9000)]
  0x00007fe516133000 JavaThread "DestroyJavaVM" [_thread_blocked, id=10499, stack(0x0000700002309000,0x0000700002409000)]
  0x00007fe5175da800 JavaThread "server" [_thread_blocked, id=39683, stack(0x00007000040e6000,0x00007000041e6000)]
=>0x00007fe517608800 JavaThread "reactor-http-nio-1" daemon [_thread_in_vm, id=39939, stack(0x0000700003fe3000,0x00007000040e3000)]
  0x00007fe51686e800 JavaThread "DiscoveryClient-InstanceInfoReplicator-0" daemon [_thread_blocked, id=24067, stack(0x0000700003ee0000,0x0000700003fe0000)]
  0x00007fe5175d5800 JavaThread "DiscoveryClient-1" daemon [_thread_blocked, id=40195, stack(0x0000700003ddd000,0x0000700003edd000)]
  0x00007fe516c20800 JavaThread "DiscoveryClient-0" daemon [_thread_blocked, id=23559, stack(0x0000700003cda000,0x0000700003dda000)]
  0x00007fe5170af800 JavaThread "AsyncResolver-bootstrap-0" daemon [_thread_blocked, id=40975, stack(0x0000700003bd7000,0x0000700003cd7000)]
  0x00007fe517542800 JavaThread "boundedElastic-evictor-1" daemon [_thread_blocked, id=22795, stack(0x0000700003ad4000,0x0000700003bd4000)]
  0x00007fe516b57000 JavaThread "spring.cloud.inetutils" daemon [_thread_blocked, id=23055, stack(0x00007000039d1000,0x0000700003ad1000)]
  0x00007fe5162c9000 JavaThread "RMI Scheduler(0)" daemon [_thread_blocked, id=41475, stack(0x00007000038ce000,0x00007000039ce000)]
  0x00007fe515b6e800 JavaThread "RMI TCP Connection(idle)" daemon [_thread_blocked, id=41987, stack(0x00007000037cb000,0x00007000038cb000)]
  0x00007fe517257800 JavaThread "Attach Listener" daemon [_thread_blocked, id=42503, stack(0x00007000036c8000,0x00007000037c8000)]
  0x00007fe517172000 JavaThread "RMI TCP Accept-0" daemon [_thread_in_native, id=43267, stack(0x00007000034c2000,0x00007000035c2000)]
  0x00007fe516933800 JavaThread "Service Thread" daemon [_thread_blocked, id=21763, stack(0x00007000033bf000,0x00007000034bf000)]
  0x00007fe517103800 JavaThread "C1 CompilerThread2" daemon [_thread_blocked, id=16131, stack(0x00007000032bc000,0x00007000033bc000)]
  0x00007fe517102800 JavaThread "C2 CompilerThread1" daemon [_thread_blocked, id=16643, stack(0x00007000031b9000,0x00007000032b9000)]
  0x00007fe5159e1800 JavaThread "C2 CompilerThread0" daemon [_thread_blocked, id=17155, stack(0x00007000030b6000,0x00007000031b6000)]
  0x00007fe51702e800 JavaThread "JDWP Command Reader" daemon [_thread_in_native, id=15363, stack(0x0000700002fb3000,0x00007000030b3000)]
  0x00007fe516049000 JavaThread "JDWP Event Helper Thread" daemon [_thread_blocked, id=17411, stack(0x0000700002eb0000,0x0000700002fb0000)]
  0x00007fe515831800 JavaThread "JDWP Transport Listener: dt_socket" daemon [_thread_blocked, id=14855, stack(0x0000700002dad000,0x0000700002ead000)]
  0x00007fe51600d000 JavaThread "Signal Dispatcher" daemon [_thread_blocked, id=18439, stack(0x0000700002caa000,0x0000700002daa000)]
  0x00007fe516035000 JavaThread "Finalizer" daemon [_thread_blocked, id=11523, stack(0x0000700002a1e000,0x0000700002b1e000)]
  0x00007fe51581d800 JavaThread "Reference Handler" daemon [_thread_blocked, id=11267, stack(0x000070000291b000,0x0000700002a1b000)]

Other Threads:
  0x00007fe515818800 VMThread [stack: 0x0000700002818000,0x0000700002918000] [id=20739]
  0x00007fe5169b3800 WatcherThread [stack: 0x00007000035c5000,0x00007000036c5000] [id=43011]

VM state:not at safepoint (normal execution)

VM Mutex/Monitor currently owned by a thread: None

heap address: 0x00000006c0000000, size: 4096 MB, Compressed Oops mode: Zero based, Oop shift amount: 3
Narrow klass base: 0x0000000000000000, Narrow klass shift: 3
Compressed class space size: 1073741824 Address: 0x00000007c0000000

Heap:
 PSYoungGen      total 241664K, used 167891K [0x000000076ab00000, 0x000000077a880000, 0x00000007c0000000)
  eden space 229888K, 73% used [0x000000076ab00000,0x0000000774ef4d08,0x0000000778b80000)
  from space 11776K, 0% used [0x0000000779c80000,0x0000000779c80000,0x000000077a800000)
  to   space 14848K, 0% used [0x0000000778b80000,0x0000000778b80000,0x0000000779a00000)
 ParOldGen       total 119808K, used 18801K [0x00000006c0000000, 0x00000006c7500000, 0x000000076ab00000)
  object space 119808K, 15% used [0x00000006c0000000,0x00000006c125c508,0x00000006c7500000)
 Metaspace       used 45434K, capacity 48490K, committed 48592K, reserved 1091584K
  class space    used 6296K, capacity 6872K, committed 6912K, reserved 1048576K

Card table byte_map: [0x000000010fd60000,0x0000000110561000] byte_map_base: 0x000000010c760000

Marking Bits: (ParMarkBitMap*) 0x000000010f6ffc38
 Begin Bits: [0x0000000122aea000, 0x0000000126aea000)
 End Bits:   [0x0000000126aea000, 0x000000012aaea000)

Polling page: 0x000000010cbe2000

CodeCache: size=245760Kb used=8923Kb max_used=9038Kb free=236836Kb
 bounds [0x0000000113aea000, 0x00000001143ca000, 0x0000000122aea000]
 total_blobs=4962 nmethods=4430 adapters=453
 compilation: enabled

Compilation events (10 events):
Event: 38.880 Thread 0x00007fe517103800 nmethod 4460 0x0000000113e53c10 code [0x0000000113e53d60, 0x0000000113e53e70]
Event: 38.895 Thread 0x00007fe517103800 4461       1       io.netty.channel.nio.AbstractNioChannel::eventLoop (8 bytes)
Event: 38.895 Thread 0x00007fe517103800 nmethod 4461 0x0000000113df5790 code [0x0000000113df5900, 0x0000000113df5b08]
Event: 38.895 Thread 0x00007fe517103800 4462       1       io.netty.channel.AbstractChannel::eventLoop (21 bytes)
Event: 38.895 Thread 0x00007fe517103800 nmethod 4462 0x0000000113cdfcd0 code [0x0000000113cdfe40, 0x0000000113ce0028]
Event: 38.908 Thread 0x00007fe517103800 4463       1       io.netty.channel.AbstractChannelHandlerContext::executor (22 bytes)
Event: 38.908 Thread 0x00007fe517103800 nmethod 4463 0x0000000113d60510 code [0x0000000113d60680, 0x0000000113d607e8]
Event: 38.909 Thread 0x00007fe517103800 4464       1       io.netty.util.internal.MathUtil::safeFindNextPositivePowerOfTwo (24 bytes)
Event: 38.909 Thread 0x00007fe517103800 nmethod 4464 0x0000000113cdf990 code [0x0000000113cdfb00, 0x0000000113cdfc48]
Event: 38.909 Thread 0x00007fe517103800 4465       1       io.netty.util.internal.shaded.org.jctools.util.Pow2::roundToPowerOfTwo (88 bytes)

GC Heap History (10 events):
Event: 2.042 GC heap before
{Heap before GC invocations=4 (full 0):
 PSYoungGen      total 76288K, used 11445K [0x000000076ab00000, 0x0000000774000000, 0x00000007c0000000)
  eden space 65536K, 6% used [0x000000076ab00000,0x000000076aef6108,0x000000076eb00000)
  from space 10752K, 68% used [0x000000076eb00000,0x000000076f2373b8,0x000000076f580000)
  to   space 10752K, 0% used [0x0000000773580000,0x0000000773580000,0x0000000774000000)
 ParOldGen       total 175104K, used 32K [0x00000006c0000000, 0x00000006cab00000, 0x000000076ab00000)
  object space 175104K, 0% used [0x00000006c0000000,0x00000006c0008000,0x00000006cab00000)
 Metaspace       used 20574K, capacity 21426K, committed 21628K, reserved 1069056K
  class space    used 2775K, capacity 2993K, committed 3072K, reserved 1048576K
Event: 2.053 GC heap after
Heap after GC invocations=4 (full 0):
 PSYoungGen      total 141824K, used 6202K [0x000000076ab00000, 0x0000000774000000, 0x00000007c0000000)
  eden space 131072K, 0% used [0x000000076ab00000,0x000000076ab00000,0x0000000772b00000)
  from space 10752K, 57% used [0x0000000773580000,0x0000000773b8ea88,0x0000000774000000)
  to   space 10752K, 0% used [0x0000000772b00000,0x0000000772b00000,0x0000000773580000)
 ParOldGen       total 175104K, used 40K [0x00000006c0000000, 0x00000006cab00000, 0x000000076ab00000)
  object space 175104K, 0% used [0x00000006c0000000,0x00000006c000a000,0x00000006cab00000)
 Metaspace       used 20574K, capacity 21426K, committed 21628K, reserved 1069056K
  class space    used 2775K, capacity 2993K, committed 3072K, reserved 1048576K
}
Event: 2.053 GC heap before
{Heap before GC invocations=5 (full 1):
 PSYoungGen      total 141824K, used 6202K [0x000000076ab00000, 0x0000000774000000, 0x00000007c0000000)
  eden space 131072K, 0% used [0x000000076ab00000,0x000000076ab00000,0x0000000772b00000)
  from space 10752K, 57% used [0x0000000773580000,0x0000000773b8ea88,0x0000000774000000)
  to   space 10752K, 0% used [0x0000000772b00000,0x0000000772b00000,0x0000000773580000)
 ParOldGen       total 175104K, used 40K [0x00000006c0000000, 0x00000006cab00000, 0x000000076ab00000)
  object space 175104K, 0% used [0x00000006c0000000,0x00000006c000a000,0x00000006cab00000)
 Metaspace       used 20574K, capacity 21426K, committed 21628K, reserved 1069056K
  class space    used 2775K, capacity 2993K, committed 3072K, reserved 1048576K
Event: 2.102 GC heap after
Heap after GC invocations=5 (full 1):
 PSYoungGen      total 141824K, used 0K [0x000000076ab00000, 0x0000000774000000, 0x00000007c0000000)
  eden space 131072K, 0% used [0x000000076ab00000,0x000000076ab00000,0x0000000772b00000)
  from space 10752K, 0% used [0x0000000773580000,0x0000000773580000,0x0000000774000000)
  to   space 10752K, 0% used [0x0000000772b00000,0x0000000772b00000,0x0000000773580000)
 ParOldGen       total 83456K, used 6135K [0x00000006c0000000, 0x00000006c5180000, 0x000000076ab00000)
  object space 83456K, 7% used [0x00000006c0000000,0x00000006c05fdf78,0x00000006c5180000)
 Metaspace       used 20574K, capacity 21426K, committed 21628K, reserved 1069056K
  class space    used 2775K, capacity 2993K, committed 3072K, reserved 1048576K
}
Event: 3.102 GC heap before
{Heap before GC invocations=6 (full 1):
 PSYoungGen      total 141824K, used 131072K [0x000000076ab00000, 0x0000000774000000, 0x00000007c0000000)
  eden space 131072K, 100% used [0x000000076ab00000,0x0000000772b00000,0x0000000772b00000)
  from space 10752K, 0% used [0x0000000773580000,0x0000000773580000,0x0000000774000000)
  to   space 10752K, 0% used [0x0000000772b00000,0x0000000772b00000,0x0000000773580000)
 ParOldGen       total 83456K, used 6135K [0x00000006c0000000, 0x00000006c5180000, 0x000000076ab00000)
  object space 83456K, 7% used [0x00000006c0000000,0x00000006c05fdf78,0x00000006c5180000)
 Metaspace       used 27026K, capacity 28322K, committed 28672K, reserved 1073152K
  class space    used 3678K, capacity 3983K, committed 4096K, reserved 1048576K
Event: 3.113 GC heap after
Heap after GC invocations=6 (full 1):
 PSYoungGen      total 141824K, used 10737K [0x000000076ab00000, 0x000000077a800000, 0x00000007c0000000)
  eden space 131072K, 0% used [0x000000076ab00000,0x000000076ab00000,0x0000000772b00000)
  from space 10752K, 99% used [0x0000000772b00000,0x000000077357c750,0x0000000773580000)
  to   space 11776K, 0% used [0x0000000779c80000,0x0000000779c80000,0x000000077a800000)
 ParOldGen       total 83456K, used 6800K [0x00000006c0000000, 0x00000006c5180000, 0x000000076ab00000)
  object space 83456K, 8% used [0x00000006c0000000,0x00000006c06a40d8,0x00000006c5180000)
 Metaspace       used 27026K, capacity 28322K, committed 28672K, reserved 1073152K
  class space    used 3678K, capacity 3983K, committed 4096K, reserved 1048576K
}
Event: 4.045 GC heap before
{Heap before GC invocations=7 (full 1):
 PSYoungGen      total 141824K, used 124967K [0x000000076ab00000, 0x000000077a800000, 0x00000007c0000000)
  eden space 131072K, 87% used [0x000000076ab00000,0x0000000771a8d868,0x0000000772b00000)
  from space 10752K, 99% used [0x0000000772b00000,0x000000077357c750,0x0000000773580000)
  to   space 11776K, 0% used [0x0000000779c80000,0x0000000779c80000,0x000000077a800000)
 ParOldGen       total 83456K, used 6800K [0x00000006c0000000, 0x00000006c5180000, 0x000000076ab00000)
  object space 83456K, 8% used [0x00000006c0000000,0x00000006c06a40d8,0x00000006c5180000)
 Metaspace       used 33928K, capacity 36010K, committed 36048K, reserved 1081344K
  class space    used 4664K, capacity 5097K, committed 5120K, reserved 1048576K
Event: 4.058 GC heap after
Heap after GC invocations=7 (full 1):
 PSYoungGen      total 241664K, used 11757K [0x000000076ab00000, 0x000000077a880000, 0x00000007c0000000)
  eden space 229888K, 0% used [0x000000076ab00000,0x000000076ab00000,0x0000000778b80000)
  from space 11776K, 99% used [0x0000000779c80000,0x000000077a7fb7d0,0x000000077a800000)
  to   space 14848K, 0% used [0x0000000778b80000,0x0000000778b80000,0x0000000779a00000)
 ParOldGen       total 83456K, used 9351K [0x00000006c0000000, 0x00000006c5180000, 0x000000076ab00000)
  object space 83456K, 11% used [0x00000006c0000000,0x00000006c0921fd0,0x00000006c5180000)
 Metaspace       used 33928K, capacity 36010K, committed 36048K, reserved 1081344K
  class space    used 4664K, capacity 5097K, committed 5120K, reserved 1048576K
}
Event: 4.058 GC heap before
{Heap before GC invocations=8 (full 2):
 PSYoungGen      total 241664K, used 11757K [0x000000076ab00000, 0x000000077a880000, 0x00000007c0000000)
  eden space 229888K, 0% used [0x000000076ab00000,0x000000076ab00000,0x0000000778b80000)
  from space 11776K, 99% used [0x0000000779c80000,0x000000077a7fb7d0,0x000000077a800000)
  to   space 14848K, 0% used [0x0000000778b80000,0x0000000778b80000,0x0000000779a00000)
 ParOldGen       total 83456K, used 9351K [0x00000006c0000000, 0x00000006c5180000, 0x000000076ab00000)
  object space 83456K, 11% used [0x00000006c0000000,0x00000006c0921fd0,0x00000006c5180000)
 Metaspace       used 33928K, capacity 36010K, committed 36048K, reserved 1081344K
  class space    used 4664K, capacity 5097K, committed 5120K, reserved 1048576K
Event: 4.123 GC heap after
Heap after GC invocations=8 (full 2):
 PSYoungGen      total 241664K, used 0K [0x000000076ab00000, 0x000000077a880000, 0x00000007c0000000)
  eden space 229888K, 0% used [0x000000076ab00000,0x000000076ab00000,0x0000000778b80000)
  from space 11776K, 0% used [0x0000000779c80000,0x0000000779c80000,0x000000077a800000)
  to   space 14848K, 0% used [0x0000000778b80000,0x0000000778b80000,0x0000000779a00000)
 ParOldGen       total 119808K, used 18801K [0x00000006c0000000, 0x00000006c7500000, 0x000000076ab00000)
  object space 119808K, 15% used [0x00000006c0000000,0x00000006c125c508,0x00000006c7500000)
 Metaspace       used 33928K, capacity 36010K, committed 36048K, reserved 1081344K
  class space    used 4664K, capacity 5097K, committed 5120K, reserved 1048576K
}

Deoptimization events (0 events):
No events

Classes redefined (0 events):
No events

Internal exceptions (10 events):
Event: 38.585 Thread 0x00007fe517617800 Exception <a 'java/lang/NoSuchMethodError': java.lang.Object.lambda$filter$0(Lorg/springframework/cloud/gateway/filter/headers/HttpHeadersFilter$Type;Lorg/springframework/cloud/gateway/filter/headers/HttpHeadersFilter;)Z> (0x0000000773d9fbd0) thrown at [/
Event: 38.585 Thread 0x00007fe517617800 Exception <a 'java/lang/NoSuchMethodError': java.lang.Object.lambda$filter$1(Lorg/springframework/web/server/ServerWebExchange;Lorg/springframework/http/HttpHeaders;Lorg/springframework/cloud/gateway/filter/headers/HttpHeadersFilter;)Lorg/springframework/
Event: 38.586 Thread 0x00007fe517617800 Exception <a 'java/lang/NoSuchMethodError': java.lang.Object.lambda$filter$2(Lorg/springframework/http/HttpHeaders;Lorg/springframework/http/HttpHeaders;)Lorg/springframework/http/HttpHeaders;> (0x0000000773dab850) thrown at [/private/tmp/openjdk-8-202101
Event: 38.646 Thread 0x00007fe517617800 Exception <a 'java/lang/ArrayIndexOutOfBoundsException'> (0x00000007743118e8) thrown at [/private/tmp/openjdk-8-20210120-68895-h74pu2/jdk8u282-ga/hotspot/src/share/vm/runtime/sharedRuntime.cpp, line 605]
Event: 38.646 Thread 0x00007fe517617800 Exception <a 'java/lang/ArrayIndexOutOfBoundsException'> (0x0000000774312fa8) thrown at [/private/tmp/openjdk-8-20210120-68895-h74pu2/jdk8u282-ga/hotspot/src/share/vm/runtime/sharedRuntime.cpp, line 605]
Event: 38.652 Thread 0x00007fe517617800 Exception <a 'java/lang/ArrayIndexOutOfBoundsException'> (0x0000000774375f28) thrown at [/private/tmp/openjdk-8-20210120-68895-h74pu2/jdk8u282-ga/hotspot/src/share/vm/runtime/sharedRuntime.cpp, line 605]
Event: 38.652 Thread 0x00007fe517617800 Exception <a 'java/lang/ArrayIndexOutOfBoundsException'> (0x0000000774388f28) thrown at [/private/tmp/openjdk-8-20210120-68895-h74pu2/jdk8u282-ga/hotspot/src/share/vm/runtime/sharedRuntime.cpp, line 605]
Event: 38.654 Thread 0x00007fe517617800 Exception <a 'java/lang/ArrayIndexOutOfBoundsException'> (0x00000007743abe00) thrown at [/private/tmp/openjdk-8-20210120-68895-h74pu2/jdk8u282-ga/hotspot/src/share/vm/runtime/sharedRuntime.cpp, line 605]
Event: 38.654 Thread 0x00007fe517617800 Exception <a 'java/lang/ArrayIndexOutOfBoundsException'> (0x00000007743ad4f0) thrown at [/private/tmp/openjdk-8-20210120-68895-h74pu2/jdk8u282-ga/hotspot/src/share/vm/runtime/sharedRuntime.cpp, line 605]
Event: 38.661 Thread 0x00007fe517617800 Exception <a 'java/lang/reflect/InvocationTargetException'> (0x00000007744428a8) thrown at [/private/tmp/openjdk-8-20210120-68895-h74pu2/jdk8u282-ga/hotspot/src/share/vm/runtime/reflection.cpp, line 1092]

Events (10 events):
Event: 38.908 Thread 0x00007fe517617800 DEOPT PACKING pc=0x00000001142c61cc sp=0x00007000047f5cf0
Event: 38.908 Thread 0x00007fe517617800 DEOPT UNPACKING pc=0x0000000113b314c4 sp=0x00007000047f5b30 mode 1
Event: 38.908 loading class io/netty/channel/AbstractChannelHandlerContext$WriteTask$1
Event: 38.908 loading class io/netty/channel/AbstractChannelHandlerContext$WriteTask$1 done
Event: 38.908 Thread 0x00007fe517617800 DEOPT PACKING pc=0x0000000113cf0091 sp=0x00007000047f5630
Event: 38.908 Thread 0x00007fe517617800 DEOPT UNPACKING pc=0x0000000113b314c4 sp=0x00007000047f53a0 mode 1
Event: 38.908 Thread 0x00007fe517617800 DEOPT PACKING pc=0x00000001142c6284 sp=0x00007000047f56b0
Event: 38.908 Thread 0x00007fe517617800 DEOPT UNPACKING pc=0x0000000113b314c4 sp=0x00007000047f54f0 mode 1
Event: 38.908 Thread 0x00007fe517617800 DEOPT PACKING pc=0x00000001142c61cc sp=0x00007000047f5840
Event: 38.908 Thread 0x00007fe517617800 DEOPT UNPACKING pc=0x0000000113b314c4 sp=0x00007000047f5680 mode 1


Dynamic libraries:
0x00007fff351ee000 	/System/Library/Frameworks/Cocoa.framework/Versions/A/Cocoa
0x00007fff22413000 	/System/Library/Frameworks/Security.framework/Versions/A/Security
0x00007fff333eb000 	/System/Library/Frameworks/ApplicationServices.framework/Versions/A/ApplicationServices
0x00007fff2a69c000 	/usr/lib/libz.1.dylib
0x00007fff2a764000 	/usr/lib/libSystem.B.dylib
0x00007fff205d9000 	/System/Library/Frameworks/CoreFoundation.framework/Versions/A/CoreFoundation
0x00007fff21386000 	/System/Library/Frameworks/Foundation.framework/Versions/C/Foundation
0x00007fff203f9000 	/usr/lib/libobjc.A.dylib
0x00007fff22e3a000 	/System/Library/Frameworks/AppKit.framework/Versions/C/AppKit
0x00007fff25cd2000 	/System/Library/Frameworks/CoreData.framework/Versions/A/CoreData
0x00007fff23b9d000 	/System/Library/PrivateFrameworks/UIFoundation.framework/Versions/A/UIFoundation
0x00007fff2fdca000 	/System/Library/PrivateFrameworks/RemoteViewServices.framework/Versions/A/RemoteViewServices
0x00007fff28bc3000 	/System/Library/PrivateFrameworks/XCTTargetBootstrap.framework/Versions/A/XCTTargetBootstrap
0x00007fff2b8a4000 	/usr/lib/libspindump.dylib
0x00007fff23df2000 	/System/Library/Frameworks/UniformTypeIdentifiers.framework/Versions/A/UniformTypeIdentifiers
0x00007fff27399000 	/usr/lib/libapp_launch_measurement.dylib
0x00007fff2739c000 	/System/Library/PrivateFrameworks/CoreAutoLayout.framework/Versions/A/CoreAutoLayout
0x00007fff28525000 	/System/Library/Frameworks/Metal.framework/Versions/A/Metal
0x00007fff29215000 	/usr/lib/liblangid.dylib
0x00007fff28bc7000 	/System/Library/PrivateFrameworks/CoreSVG.framework/Versions/A/CoreSVG
0x00007fff24dd9000 	/System/Library/PrivateFrameworks/SkyLight.framework/Versions/A/SkyLight
0x00007fff25140000 	/System/Library/Frameworks/CoreGraphics.framework/Versions/A/CoreGraphics
0x00007fff30421000 	/System/Library/Frameworks/Accelerate.framework/Versions/A/Accelerate
0x00007fff2b2df000 	/System/Library/PrivateFrameworks/IconServices.framework/Versions/A/IconServices
0x00007fff2850a000 	/System/Library/Frameworks/IOSurface.framework/Versions/A/IOSurface
0x00007fff2665b000 	/usr/lib/libDiagnosticMessagesClient.dylib
0x00007fff28baf000 	/System/Library/PrivateFrameworks/DFRFoundation.framework/Versions/A/DFRFoundation
0x00007fff22765000 	/usr/lib/libicucore.A.dylib
0x00007fff2cdeb000 	/System/Library/Frameworks/AudioToolbox.framework/Versions/A/AudioToolbox
0x00007fff2c090000 	/System/Library/PrivateFrameworks/DataDetectorsCore.framework/Versions/A/DataDetectorsCore
0x00007fff288af000 	/System/Library/Frameworks/Carbon.framework/Versions/A/Frameworks/HIToolbox.framework/Versions/A/HIToolbox
0x00007fff26df4000 	/System/Library/Frameworks/QuartzCore.framework/Versions/A/QuartzCore
0x00007fff2fe06000 	/System/Library/Frameworks/Carbon.framework/Versions/A/Frameworks/SpeechRecognition.framework/Versions/A/SpeechRecognition
0x00007fff27101000 	/System/Library/PrivateFrameworks/CoreUI.framework/Versions/A/CoreUI
0x00007fff21d6e000 	/System/Library/Frameworks/CoreAudio.framework/Versions/A/CoreAudio
0x00007fff26746000 	/System/Library/Frameworks/DiskArbitration.framework/Versions/A/DiskArbitration
0x00007fff2bc9f000 	/System/Library/PrivateFrameworks/MultitouchSupport.framework/Versions/A/MultitouchSupport
0x00007fff2c087000 	/System/Library/PrivateFrameworks/InternationalSupport.framework/Versions/A/InternationalSupport
0x00007fff24d4d000 	/usr/lib/libenergytrace.dylib
0x00007fff22d33000 	/System/Library/Frameworks/IOKit.framework/Versions/A/IOKit
0x00007fff30153000 	/System/Library/Frameworks/CoreServices.framework/Versions/A/CoreServices
0x00007fff2732f000 	/System/Library/PrivateFrameworks/PerformanceAnalysis.framework/Versions/A/PerformanceAnalysis
0x00007fff6cabd000 	/System/Library/Frameworks/OpenGL.framework/Versions/A/OpenGL
0x00007fff2c10c000 	/System/Library/PrivateFrameworks/UserActivity.framework/Versions/A/UserActivity
0x00007fff257d4000 	/System/Library/Frameworks/ColorSync.framework/Versions/A/ColorSync
0x00007fff28e2c000 	/System/Library/Frameworks/CoreImage.framework/Versions/A/CoreImage
0x00007fff21b85000 	/System/Library/Frameworks/CoreText.framework/Versions/A/CoreText
0x00007fff28bf1000 	/System/Library/Frameworks/ImageIO.framework/Versions/A/ImageIO
0x00007fff2a76a000 	/System/Library/PrivateFrameworks/SoftLinking.framework/Versions/A/SoftLinking
0x00007fff273e5000 	/usr/lib/libxml2.2.dylib
0x00007fff204be000 	/usr/lib/libc++.1.dylib
0x00007fff2a9dc000 	/usr/lib/libcompression.dylib
0x00007fff24d4e000 	/usr/lib/libMobileGestalt.dylib
0x00007fff2bfba000 	/System/Library/PrivateFrameworks/TextureIO.framework/Versions/A/TextureIO
0x00007fff2b002000 	/usr/lib/libate.dylib
0x00007fff2a75e000 	/usr/lib/system/libcache.dylib
0x00007fff2a71a000 	/usr/lib/system/libcommonCrypto.dylib
0x00007fff2a744000 	/usr/lib/system/libcompiler_rt.dylib
0x00007fff2a739000 	/usr/lib/system/libcopyfile.dylib
0x00007fff202e7000 	/usr/lib/system/libcorecrypto.dylib
0x00007fff203b4000 	/usr/lib/system/libdispatch.dylib
0x00007fff20568000 	/usr/lib/system/libdyld.dylib
0x00007fff2a755000 	/usr/lib/system/libkeymgr.dylib
0x00007fff2db9d000 	/usr/lib/system/liblaunch.dylib
0x00007fff2a6f8000 	/usr/lib/system/libmacho.dylib
0x00007fff29f12000 	/usr/lib/system/libquarantine.dylib
0x00007fff2a752000 	/usr/lib/system/libremovefile.dylib
0x00007fff24daa000 	/usr/lib/system/libsystem_asl.dylib
0x00007fff20297000 	/usr/lib/system/libsystem_blocks.dylib
0x00007fff20435000 	/usr/lib/system/libsystem_c.dylib
0x00007fff2a74c000 	/usr/lib/system/libsystem_collections.dylib
0x00007fff29206000 	/usr/lib/system/libsystem_configuration.dylib
0x00007fff284f9000 	/usr/lib/system/libsystem_containermanager.dylib
0x00007fff2a494000 	/usr/lib/system/libsystem_coreservices.dylib
0x00007fff229c7000 	/usr/lib/system/libsystem_darwin.dylib
0x00007fff2a756000 	/usr/lib/system/libsystem_dnssd.dylib
0x00007fff20432000 	/usr/lib/system/libsystem_featureflags.dylib
0x00007fff205ad000 	/usr/lib/system/libsystem_info.dylib
0x00007fff2a6af000 	/usr/lib/system/libsystem_m.dylib
0x00007fff20387000 	/usr/lib/system/libsystem_malloc.dylib
0x00007fff24d3e000 	/usr/lib/system/libsystem_networkextension.dylib
0x00007fff22de2000 	/usr/lib/system/libsystem_notify.dylib
0x00007fff30051000 	/usr/lib/system/libsystem_product_info_filter.dylib
0x00007fff2920a000 	/usr/lib/system/libsystem_sandbox.dylib
0x00007fff2a74f000 	/usr/lib/system/libsystem_secinit.dylib
0x00007fff2052d000 	/usr/lib/system/libsystem_kernel.dylib
0x00007fff205a3000 	/usr/lib/system/libsystem_platform.dylib
0x00007fff2055c000 	/usr/lib/system/libsystem_pthread.dylib
0x00007fff264a9000 	/usr/lib/system/libsystem_symptoms.dylib
0x00007fff202cf000 	/usr/lib/system/libsystem_trace.dylib
0x00007fff2a726000 	/usr/lib/system/libunwind.dylib
0x00007fff20299000 	/usr/lib/system/libxpc.dylib
0x00007fff20514000 	/usr/lib/libc++abi.dylib
0x00007fff2a731000 	/usr/lib/liboah.dylib
0x00007fff2ade7000 	/usr/lib/liblzma.5.dylib
0x00007fff2109a000 	/System/Library/Frameworks/SystemConfiguration.framework/Versions/A/SystemConfiguration
0x00007fff2a766000 	/usr/lib/libfakelink.dylib
0x00007fff248a0000 	/System/Library/Frameworks/CFNetwork.framework/Versions/A/CFNetwork
0x00007fff2a8a6000 	/usr/lib/libarchive.2.dylib
0x00007fff21118000 	/usr/lib/libCRFSuite.dylib
0x00007fff29f39000 	/usr/lib/libbsm.0.dylib
0x00007fff2425c000 	/usr/lib/libnetwork.dylib
0x00007fff2a76b000 	/usr/lib/libpcap.A.dylib
0x00007fff264a2000 	/usr/lib/libdns_services.dylib
0x00007fff2ae00000 	/usr/lib/libcoretls_cfhelpers.dylib
0x00007fff2a9aa000 	/usr/lib/libapple_nghttp2.dylib
0x00007fff2a6fe000 	/usr/lib/system/libkxld.dylib
0x00007fff26108000 	/usr/lib/libsqlite3.dylib
0x00007fff2a476000 	/System/Library/PrivateFrameworks/AppleFSCompression.framework/Versions/A/AppleFSCompression
0x00007fff29f21000 	/usr/lib/libcoretls.dylib
0x00007fff2a9d7000 	/usr/lib/libpam.2.dylib
0x00007fff2aefd000 	/usr/lib/libxar.1.dylib
0x00007fff29211000 	/System/Library/PrivateFrameworks/AppleSystemInfo.framework/Versions/A/AppleSystemInfo
0x00007fff29b64000 	/System/Library/PrivateFrameworks/IOMobileFramebuffer.framework/Versions/A/IOMobileFramebuffer
0x00007fff2a486000 	/usr/lib/libbz2.1.0.dylib
0x00007fff2a7a3000 	/usr/lib/libiconv.2.dylib
0x00007fff2a6f7000 	/usr/lib/libcharset.1.dylib
0x00007fff2736b000 	/System/Library/Frameworks/CoreServices.framework/Versions/A/Frameworks/FSEvents.framework/Versions/A/FSEvents
0x00007fff229d1000 	/System/Library/Frameworks/CoreServices.framework/Versions/A/Frameworks/CarbonCore.framework/Versions/A/CarbonCore
0x00007fff266ab000 	/System/Library/Frameworks/CoreServices.framework/Versions/A/Frameworks/Metadata.framework/Versions/A/Metadata
0x00007fff2a499000 	/System/Library/Frameworks/CoreServices.framework/Versions/A/Frameworks/OSServices.framework/Versions/A/OSServices
0x00007fff2a918000 	/System/Library/Frameworks/CoreServices.framework/Versions/A/Frameworks/SearchKit.framework/Versions/A/SearchKit
0x00007fff2642c000 	/System/Library/Frameworks/CoreServices.framework/Versions/A/Frameworks/AE.framework/Versions/A/AE
0x00007fff20a75000 	/System/Library/Frameworks/CoreServices.framework/Versions/A/Frameworks/LaunchServices.framework/Versions/A/LaunchServices
0x00007fff2ad98000 	/System/Library/Frameworks/CoreServices.framework/Versions/A/Frameworks/DictionaryServices.framework/Versions/A/DictionaryServices
0x00007fff27374000 	/System/Library/Frameworks/CoreServices.framework/Versions/A/Frameworks/SharedFileList.framework/Versions/A/SharedFileList
0x00007fff29f15000 	/usr/lib/libCheckFix.dylib
0x00007fff24dc1000 	/System/Library/PrivateFrameworks/TCC.framework/Versions/A/TCC
0x00007fff29217000 	/System/Library/PrivateFrameworks/CoreNLP.framework/Versions/A/CoreNLP
0x00007fff2665e000 	/System/Library/PrivateFrameworks/MetadataUtilities.framework/Versions/A/MetadataUtilities
0x00007fff2114e000 	/usr/lib/libmecabra.dylib
0x00007fff2a228000 	/System/Library/Frameworks/MLCompute.framework/Versions/A/MLCompute
0x00007fff29f4a000 	/usr/lib/libmecab.dylib
0x00007fff29f94000 	/usr/lib/libgermantok.dylib
0x00007fff2a980000 	/usr/lib/libThaiTokenizer.dylib
0x00007fff2af38000 	/usr/lib/libChineseTokenizer.dylib
0x00007fff2a9d5000 	/System/Library/Frameworks/MetalPerformanceShaders.framework/Versions/A/MetalPerformanceShaders
0x00007fff2674d000 	/System/Library/Frameworks/Accelerate.framework/Versions/A/Frameworks/vImage.framework/Versions/A/vImage
0x00007fff3012c000 	/System/Library/Frameworks/Accelerate.framework/Versions/A/Frameworks/vecLib.framework/Versions/A/vecLib
0x00007fff2af43000 	/System/Library/Frameworks/Accelerate.framework/Versions/A/Frameworks/vecLib.framework/Versions/A/libvMisc.dylib
0x00007fff2997d000 	/System/Library/Frameworks/Accelerate.framework/Versions/A/Frameworks/vecLib.framework/Versions/A/libvDSP.dylib
0x00007fff20d79000 	/System/Library/Frameworks/Accelerate.framework/Versions/A/Frameworks/vecLib.framework/Versions/A/libBLAS.dylib
0x00007fff2a9fb000 	/System/Library/Frameworks/Accelerate.framework/Versions/A/Frameworks/vecLib.framework/Versions/A/libLAPACK.dylib
0x00007fff29f9a000 	/System/Library/Frameworks/Accelerate.framework/Versions/A/Frameworks/vecLib.framework/Versions/A/libLinearAlgebra.dylib
0x00007fff2a9c2000 	/System/Library/Frameworks/Accelerate.framework/Versions/A/Frameworks/vecLib.framework/Versions/A/libSparseBLAS.dylib
0x00007fff2a9f5000 	/System/Library/Frameworks/Accelerate.framework/Versions/A/Frameworks/vecLib.framework/Versions/A/libQuadrature.dylib
0x00007fff292bf000 	/System/Library/Frameworks/Accelerate.framework/Versions/A/Frameworks/vecLib.framework/Versions/A/libBNNS.dylib
0x00007fff2102b000 	/System/Library/Frameworks/Accelerate.framework/Versions/A/Frameworks/vecLib.framework/Versions/A/libSparse.dylib
0x00007fff291aa000 	/System/Library/Frameworks/MetalPerformanceShaders.framework/Versions/A/Frameworks/MPSCore.framework/Versions/A/MPSCore
0x00007fff2a3e5000 	/System/Library/Frameworks/MetalPerformanceShaders.framework/Versions/A/Frameworks/MPSImage.framework/Versions/A/MPSImage
0x00007fff29fb0000 	/System/Library/Frameworks/MetalPerformanceShaders.framework/Versions/A/Frameworks/MPSNeuralNetwork.framework/Versions/A/MPSNeuralNetwork
0x00007fff2a370000 	/System/Library/Frameworks/MetalPerformanceShaders.framework/Versions/A/Frameworks/MPSMatrix.framework/Versions/A/MPSMatrix
0x00007fff2a1d8000 	/System/Library/Frameworks/MetalPerformanceShaders.framework/Versions/A/Frameworks/MPSRayIntersector.framework/Versions/A/MPSRayIntersector
0x00007fff2a3a7000 	/System/Library/Frameworks/MetalPerformanceShaders.framework/Versions/A/Frameworks/MPSNDArray.framework/Versions/A/MPSNDArray
0x00007fff20ca5000 	/System/Library/PrivateFrameworks/MetalTools.framework/Versions/A/MetalTools
0x00007fff2920f000 	/System/Library/PrivateFrameworks/AggregateDictionary.framework/Versions/A/AggregateDictionary
0x00007fff26636000 	/System/Library/PrivateFrameworks/CoreAnalytics.framework/Versions/A/CoreAnalytics
0x00007fff2a982000 	/System/Library/PrivateFrameworks/AppleSauce.framework/Versions/A/AppleSauce
0x00007fff2851c000 	/System/Library/PrivateFrameworks/IOAccelerator.framework/Versions/A/IOAccelerator
0x00007fff6cab1000 	/System/Library/Frameworks/OpenGL.framework/Versions/A/Libraries/libCoreFSCache.dylib
0x00007fff216ea000 	/System/Library/PrivateFrameworks/LanguageModeling.framework/Versions/A/LanguageModeling
0x00007fff29b51000 	/System/Library/PrivateFrameworks/CoreEmoji.framework/Versions/A/CoreEmoji
0x00007fff292b8000 	/System/Library/PrivateFrameworks/LinguisticData.framework/Versions/A/LinguisticData
0x00007fff20fdd000 	/System/Library/PrivateFrameworks/Lexicon.framework/Versions/A/Lexicon
0x00007fff2a894000 	/usr/lib/libcmph.dylib
0x00007fff2734b000 	/System/Library/Frameworks/OpenDirectory.framework/Versions/A/Frameworks/CFOpenDirectory.framework/Versions/A/CFOpenDirectory
0x00007fff2733b000 	/System/Library/Frameworks/OpenDirectory.framework/Versions/A/OpenDirectory
0x00007fff2ae02000 	/System/Library/PrivateFrameworks/APFS.framework/Versions/A/APFS
0x00007fff29e76000 	/System/Library/Frameworks/SecurityFoundation.framework/Versions/A/SecurityFoundation
0x00007fff2af0b000 	/usr/lib/libutil.dylib
0x00007fff22cf8000 	/System/Library/PrivateFrameworks/CoreServicesStore.framework/Versions/A/CoreServicesStore
0x00007fff29f0d000 	/System/Library/Frameworks/ServiceManagement.framework/Versions/A/ServiceManagement
0x00007fff2af0f000 	/usr/lib/libxslt.1.dylib
0x00007fff29f03000 	/System/Library/PrivateFrameworks/BackgroundTaskManagement.framework/Versions/A/BackgroundTaskManagement
0x00007fff2bf04000 	/System/Library/Frameworks/ImageIO.framework/Versions/A/Resources/libRadiance.dylib
0x00007fff2bf0e000 	/System/Library/Frameworks/ImageIO.framework/Versions/A/Resources/libJPEG.dylib
0x00007fff2be59000 	/System/Library/Frameworks/ImageIO.framework/Versions/A/Resources/libPng.dylib
0x00007fff2be80000 	/System/Library/Frameworks/ImageIO.framework/Versions/A/Resources/libTIFF.dylib
0x00007fff2bf63000 	/System/Library/Frameworks/ImageIO.framework/Versions/A/Resources/libGIF.dylib
0x00007fff2bbbc000 	/System/Library/Frameworks/ImageIO.framework/Versions/A/Resources/libJP2.dylib
0x00007fff2b2a6000 	/usr/lib/libexpat.1.dylib
0x00007fff2bb71000 	/System/Library/PrivateFrameworks/AppleJPEG.framework/Versions/A/AppleJPEG
0x00007fff28752000 	/System/Library/PrivateFrameworks/FontServices.framework/libFontParser.dylib
0x00007fff263e0000 	/System/Library/PrivateFrameworks/RunningBoardServices.framework/Versions/A/RunningBoardServices
0x00007fff2bc9b000 	/System/Library/PrivateFrameworks/WatchdogClient.framework/Versions/A/WatchdogClient
0x00007fff217d7000 	/System/Library/Frameworks/CoreDisplay.framework/Versions/A/CoreDisplay
0x00007fff28668000 	/System/Library/Frameworks/CoreMedia.framework/Versions/A/CoreMedia
0x00007fff274c8000 	/System/Library/Frameworks/CoreVideo.framework/Versions/A/CoreVideo
0x00007fff2bcd3000 	/System/Library/Frameworks/VideoToolbox.framework/Versions/A/VideoToolbox
0x00007fff2635e000 	/System/Library/PrivateFrameworks/BaseBoard.framework/Versions/A/BaseBoard
0x00007fff2b3eb000 	/System/Library/PrivateFrameworks/PersistentConnection.framework/Versions/A/PersistentConnection
0x00007fff260f1000 	/System/Library/PrivateFrameworks/ProtocolBuffer.framework/Versions/A/ProtocolBuffer
0x00007fff26345000 	/System/Library/PrivateFrameworks/CommonUtilities.framework/Versions/A/CommonUtilities
0x00007fff2bb06000 	/System/Library/PrivateFrameworks/Bom.framework/Versions/A/Bom
0x00007fff2befd000 	/System/Library/PrivateFrameworks/GPUWrangler.framework/Versions/A/GPUWrangler
0x00007fff2bee0000 	/System/Library/PrivateFrameworks/IOPresentment.framework/Versions/A/IOPresentment
0x00007fff2bf08000 	/System/Library/PrivateFrameworks/DSExternalDisplay.framework/Versions/A/DSExternalDisplay
0x00007fff2bf68000 	/System/Library/PrivateFrameworks/CMCaptureCore.framework/Versions/A/CMCaptureCore
0x00007fff2b88b000 	/System/Library/PrivateFrameworks/AppServerSupport.framework/Versions/A/AppServerSupport
0x00007fff2d93c000 	/System/Library/PrivateFrameworks/perfdata.framework/Versions/A/perfdata
0x00007fff29e65000 	/System/Library/PrivateFrameworks/AssertionServices.framework/Versions/A/AssertionServices
0x00007fff2190e000 	/System/Library/PrivateFrameworks/AudioToolboxCore.framework/Versions/A/AudioToolboxCore
0x00007fff2864b000 	/System/Library/PrivateFrameworks/caulk.framework/Versions/A/caulk
0x00007fff3d5e7000 	/System/Library/PrivateFrameworks/SystemPolicy.framework/Versions/A/SystemPolicy
0x00007fff2b09b000 	/usr/lib/libIOReport.dylib
0x00007fff2d15e000 	/usr/lib/libSMC.dylib
0x00007fff2be26000 	/usr/lib/libAudioToolboxUtility.dylib
0x00007fff3df51000 	/usr/lib/libmis.dylib
0x00007fff6cb0d000 	/System/Library/Frameworks/OpenGL.framework/Versions/A/Libraries/libGLU.dylib
0x00007fff6cad0000 	/System/Library/Frameworks/OpenGL.framework/Versions/A/Libraries/libGFXShared.dylib
0x00007fff6ccdf000 	/System/Library/Frameworks/OpenGL.framework/Versions/A/Libraries/libGL.dylib
0x00007fff6cad9000 	/System/Library/Frameworks/OpenGL.framework/Versions/A/Libraries/libGLImage.dylib
0x00007fff6cacd000 	/System/Library/Frameworks/OpenGL.framework/Versions/A/Libraries/libCVMSPluginSupport.dylib
0x00007fff6cab8000 	/System/Library/Frameworks/OpenGL.framework/Versions/A/Libraries/libCoreVMClient.dylib
0x00007fff6e120000 	/System/Library/Frameworks/OpenCL.framework/Versions/A/OpenCL
0x00007fff2b415000 	/System/Library/PrivateFrameworks/GraphVisualizer.framework/Versions/A/GraphVisualizer
0x00007fff2b424000 	/System/Library/PrivateFrameworks/FaceCore.framework/Versions/A/FaceCore
0x00007fff2b840000 	/System/Library/PrivateFrameworks/OTSVG.framework/Versions/A/OTSVG
0x00007fff270bf000 	/System/Library/Frameworks/ApplicationServices.framework/Versions/A/Frameworks/ATS.framework/Versions/A/Resources/libFontRegistry.dylib
0x00007fff2b892000 	/System/Library/PrivateFrameworks/FontServices.framework/libhvf.dylib
0x00007fff2b252000 	/System/Library/PrivateFrameworks/AppleVA.framework/Versions/A/AppleVA
0x00007fff2cfa7000 	/System/Library/Frameworks/ApplicationServices.framework/Versions/A/Frameworks/ATS.framework/Versions/A/ATS
0x00007fff2d2b9000 	/System/Library/Frameworks/ApplicationServices.framework/Versions/A/Frameworks/ColorSyncLegacy.framework/Versions/A/ColorSyncLegacy
0x00007fff258cb000 	/System/Library/Frameworks/ApplicationServices.framework/Versions/A/Frameworks/HIServices.framework/Versions/A/HIServices
0x00007fff2d29e000 	/System/Library/Frameworks/ApplicationServices.framework/Versions/A/Frameworks/LangAnalysis.framework/Versions/A/LangAnalysis
0x00007fff2bf72000 	/System/Library/Frameworks/ApplicationServices.framework/Versions/A/Frameworks/PrintCore.framework/Versions/A/PrintCore
0x00007fff2d2c1000 	/System/Library/Frameworks/ApplicationServices.framework/Versions/A/Frameworks/QD.framework/Versions/A/QD
0x00007fff2cf97000 	/System/Library/Frameworks/ApplicationServices.framework/Versions/A/Frameworks/SpeechSynthesis.framework/Versions/A/SpeechSynthesis
0x00007fff2bf33000 	/System/Library/Frameworks/ApplicationServices.framework/Versions/A/Frameworks/ATSUI.framework/Versions/A/ATSUI
0x00007fff2d23e000 	/usr/lib/libcups.2.dylib
0x00007fff2d2ae000 	/System/Library/PrivateFrameworks/NetAuth.framework/Versions/A/NetAuth
0x00007fff2d958000 	/System/Library/Frameworks/Kerberos.framework/Versions/A/Kerberos
0x00007fff2d968000 	/System/Library/Frameworks/GSS.framework/Versions/A/GSS
0x00007fff2d013000 	/usr/lib/libresolv.9.dylib
0x00007fff2b8a7000 	/System/Library/PrivateFrameworks/Heimdal.framework/Versions/A/Heimdal
0x00007fff336ec000 	/System/Library/Frameworks/Kerberos.framework/Versions/A/Libraries/libHeimdalProxy.dylib
0x00007fff264b1000 	/System/Library/Frameworks/Network.framework/Versions/A/Network
0x00007fff2b2c0000 	/usr/lib/libheimdal-asn1.dylib
0x00007fff2d9b8000 	/System/Library/PrivateFrameworks/CommonAuth.framework/Versions/A/CommonAuth
0x00007fff27515000 	/System/Library/PrivateFrameworks/login.framework/Versions/A/Frameworks/loginsupport.framework/Versions/A/loginsupport
0x00007fff2cf1c000 	/System/Library/PrivateFrameworks/AudioSession.framework/Versions/A/AudioSession
0x00007fff2cf84000 	/usr/lib/libAudioStatistics.dylib
0x00007fff2b34d000 	/System/Library/PrivateFrameworks/MediaExperience.framework/Versions/A/MediaExperience
0x00007fff2cdb9000 	/System/Library/PrivateFrameworks/AudioSession.framework/libSessionUtility.dylib
0x00007fff2d949000 	/usr/lib/libperfcheck.dylib
0x00007fff2d2cd000 	/System/Library/PrivateFrameworks/AudioResourceArbitration.framework/Versions/A/AudioResourceArbitration
0x00007fff2b2ca000 	/System/Library/PrivateFrameworks/IconFoundation.framework/Versions/A/IconFoundation
0x00007fff2fdf6000 	/System/Library/PrivateFrameworks/SpeechRecognitionCore.framework/Versions/A/SpeechRecognitionCore
0x000000010f000000 	/usr/local/Cellar/openjdk@8/1.8.0+282/libexec/openjdk.jdk/Contents/Home/jre/lib/server/libjvm.dylib
0x000000010cb9e000 	/usr/local/Cellar/openjdk@8/1.8.0+282/libexec/openjdk.jdk/Contents/Home/jre/lib/libverify.dylib
0x000000010cbb2000 	/usr/local/Cellar/openjdk@8/1.8.0+282/libexec/openjdk.jdk/Contents/Home/jre/lib/libjava.dylib
0x000000010cbe3000 	/usr/local/Cellar/openjdk@8/1.8.0+282/libexec/openjdk.jdk/Contents/Home/jre/lib/libjdwp.dylib
0x000000010cc1f000 	/usr/local/Cellar/openjdk@8/1.8.0+282/libexec/openjdk.jdk/Contents/Home/jre/lib/libnpt.dylib
0x000000010cc2b000 	/usr/local/Cellar/openjdk@8/1.8.0+282/libexec/openjdk.jdk/Contents/Home/jre/lib/libinstrument.dylib
0x000000010cc98000 	/usr/local/Cellar/openjdk@8/1.8.0+282/libexec/openjdk.jdk/Contents/Home/jre/lib/libzip.dylib
0x000000010cef6000 	/usr/local/Cellar/openjdk@8/1.8.0+282/libexec/openjdk.jdk/Contents/Home/jre/lib/libdt_socket.dylib
0x000000012ab08000 	/usr/local/Cellar/openjdk@8/1.8.0+282/libexec/openjdk.jdk/Contents/Home/jre/lib/libnio.dylib
0x000000012ab20000 	/usr/local/Cellar/openjdk@8/1.8.0+282/libexec/openjdk.jdk/Contents/Home/jre/lib/libnet.dylib
0x000000012ab42000 	/usr/local/Cellar/openjdk@8/1.8.0+282/libexec/openjdk.jdk/Contents/Home/jre/lib/libmanagement.dylib
0x000000012c38a000 	/usr/local/Cellar/openjdk@8/1.8.0+282/libexec/openjdk.jdk/Contents/Home/jre/lib/libsunec.dylib
0x000000012cbb8000 	/private/var/folders/pv/nf5h_4y15rldx0jvvl7yzv_c0000gp/T/libnetty_resolver_dns_native_macos_x86_647647377700240631942.dylib

VM Arguments:
jvm_args: -agentlib:jdwp=transport=dt_socket,address=127.0.0.1:49338,suspend=y,server=n -XX:TieredStopAtLevel=1 -Xverify:none -Dspring.output.ansi.enabled=always -javaagent:/Users/Thongchai/Library/Caches/JetBrains/IntelliJIdea2020.3/captureAgent/debugger-agent.jar -Dcom.sun.management.jmxremote -Dspring.jmx.enabled=true -Dspring.liveBeansView.mbeanDomain -Dspring.application.admin.enabled=true -Dfile.encoding=UTF-8 
java_command: com.ithongchai.apigateway.ApigatewayApplication
java_class_path (initial): /usr/local/Cellar/openjdk@8/1.8.0+282/libexec/openjdk.jdk/Contents/Home/jre/lib/charsets.jar:/usr/local/Cellar/openjdk@8/1.8.0+282/libexec/openjdk.jdk/Contents/Home/jre/lib/ext/cldrdata.jar:/usr/local/Cellar/openjdk@8/1.8.0+282/libexec/openjdk.jdk/Contents/Home/jre/lib/ext/dnsns.jar:/usr/local/Cellar/openjdk@8/1.8.0+282/libexec/openjdk.jdk/Contents/Home/jre/lib/ext/jaccess.jar:/usr/local/Cellar/openjdk@8/1.8.0+282/libexec/openjdk.jdk/Contents/Home/jre/lib/ext/localedata.jar:/usr/local/Cellar/openjdk@8/1.8.0+282/libexec/openjdk.jdk/Contents/Home/jre/lib/ext/nashorn.jar:/usr/local/Cellar/openjdk@8/1.8.0+282/libexec/openjdk.jdk/Contents/Home/jre/lib/ext/sunec.jar:/usr/local/Cellar/openjdk@8/1.8.0+282/libexec/openjdk.jdk/Contents/Home/jre/lib/ext/sunjce_provider.jar:/usr/local/Cellar/openjdk@8/1.8.0+282/libexec/openjdk.jdk/Contents/Home/jre/lib/ext/sunpkcs11.jar:/usr/local/Cellar/openjdk@8/1.8.0+282/libexec/openjdk.jdk/Contents/Home/jre/lib/ext/zipfs.jar:/usr/local/Cellar/openjdk@8/1.8.0+282/libexec/openjdk.jdk/Contents/Home/jre/lib/jce.jar:/usr/local/Cellar/openjdk@8/1.8.0+282/libexec/openjdk.jdk/Contents/Home/jre/lib/jfr.jar:/usr/local/Cellar/openjdk@8/1.8.0+282/libexec/openjdk.jdk/Contents/Home/jre/lib/jsse.jar:/usr/local/Cellar/openjdk@8/1.8.0+282/libexec/openjdk.jdk/Contents/Home/jre/lib/management-agent.jar:/usr/local/Cellar/openjdk@8/1.8.0+282/libexec/openjdk.jdk/Contents/Home/jre/lib/resources.jar:/usr/local/Cellar/openjdk@8/1.8.0+282/libexec/openjdk.jdk/Contents/Home/jre/lib/rt.jar:/usr/local/Cellar/openjdk@8/1.8.0+282/libexec/openjdk.jdk/Contents/Home/lib/dt.jar:/usr/local/Cellar/openjdk@8/1.8.0+282/libexec/openjdk.jdk/Contents/Home/lib/jconsole.jar:/usr/local/Cellar/openjdk@8/1.8.0+282/libexec/openjdk.jdk/Contents/Home/lib/sa-jdi.jar:/usr/local/Cellar/openjdk@8/1.8.0+282/libexec/openjdk.jdk/Contents/Home/lib/tools.jar:/Users/Thongchai/MyProject/practice-java/udemy-spring-cloud/SpringCloudApiGateWay/target/classes:/Users/Thongchai/
Launcher Type: SUN_STANDARD

Environment Variables:
PATH=/usr/local/Caskroom/google-cloud-sdk/latest/google-cloud-sdk/bin:/Library/Frameworks/Python.framework/Versions/3.9/bin:/usr/local/bin:/usr/bin:/bin:/usr/sbin:/sbin
SHELL=/bin/zsh

Signal Handlers:
SIGSEGV: [libjvm.dylib+0x58b0d3], sa_mask[0]=11111111011111110111111111111111, sa_flags=SA_ONSTACK|SA_RESTART|SA_SIGINFO
SIGBUS: [libjvm.dylib+0x58b0d3], sa_mask[0]=11111111011111110111111111111111, sa_flags=SA_RESTART|SA_SIGINFO
SIGFPE: [libjvm.dylib+0x4868d3], sa_mask[0]=11111111011111110111111111111111, sa_flags=SA_RESTART|SA_SIGINFO
SIGPIPE: [libjvm.dylib+0x4868d3], sa_mask[0]=11111111011111110111111111111111, sa_flags=SA_RESTART|SA_SIGINFO
SIGXFSZ: [libjvm.dylib+0x4868d3], sa_mask[0]=11111111011111110111111111111111, sa_flags=SA_RESTART|SA_SIGINFO
SIGILL: [libjvm.dylib+0x4868d3], sa_mask[0]=11111111011111110111111111111111, sa_flags=SA_RESTART|SA_SIGINFO
SIGUSR1: SIG_DFL, sa_mask[0]=00000000000000000000000000000000, sa_flags=none
SIGUSR2: [libjvm.dylib+0x4871a9], sa_mask[0]=00100000000000000000000000000000, sa_flags=SA_RESTART|SA_SIGINFO
SIGHUP: [libjvm.dylib+0x485399], sa_mask[0]=11111111011111110111111111111111, sa_flags=SA_RESTART|SA_SIGINFO
SIGINT: [libjvm.dylib+0x485399], sa_mask[0]=11111111011111110111111111111111, sa_flags=SA_RESTART|SA_SIGINFO
SIGTERM: [libjvm.dylib+0x485399], sa_mask[0]=11111111011111110111111111111111, sa_flags=SA_RESTART|SA_SIGINFO
SIGQUIT: [libjvm.dylib+0x485399], sa_mask[0]=11111111011111110111111111111111, sa_flags=SA_RESTART|SA_SIGINFO


---------------  S Y S T E M  ---------------

OS:Bsduname:Darwin 20.3.0 Darwin Kernel Version 20.3.0: Thu Jan 21 00:07:06 PST 2021; root:xnu-7195.81.3~1/RELEASE_X86_64 x86_64
rlimit: STACK 8192k, CORE 0k, NPROC 2784, NOFILE 10240, AS infinity
load average:3.41 3.32 3.27

CPU:total 4 (initial active 4) (2 cores per cpu, 2 threads per core) family 6 model 142 stepping 9, cmov, cx8, fxsr, mmx, sse, sse2, sse3, ssse3, sse4.1, sse4.2, popcnt, avx, avx2, aes, clmul, erms, 3dnowpref, lzcnt, ht, tsc, tscinvbit, bmi1, bmi2, adx

Memory: 4k page, physical 16777216k(119596k free)

/proc/meminfo:


vm_info: OpenJDK 64-Bit Server VM (25.282-b00) for bsd-amd64 JRE (1.8.0_282-bre_2021_01_20_16_06-b00), built on Jan 20 2021 16:12:35 by "brew" with gcc Apple LLVM 12.0.0 (clang-1200.0.32.28)

time: Tue Mar 30 15:49:35 2021
timezone: +07
elapsed time: 38.920262 seconds (0d 0h 0m 38s)

