[2021-05-30T17:22:37.480-0700][gc,heap] Heap region size: 1M
[2021-05-30T17:22:37.488-0700][gc     ] Using G1
[2021-05-30T17:22:37.489-0700][gc,heap,coops] Heap address: 0x00000007c0000000, size: 1024 MB, Compressed Oops mode: Zero based, Oop shift amount: 3
[2021-05-30T17:22:38.779-0700][gc,start     ] GC(0) Pause Young (Concurrent Start) (Metadata GC Threshold)
[2021-05-30T17:22:38.779-0700][gc,task      ] GC(0) Using 4 workers of 4 for evacuation
[2021-05-30T17:22:38.790-0700][gc,phases    ] GC(0)   Pre Evacuate Collection Set: 0.1ms
[2021-05-30T17:22:38.790-0700][gc,phases    ] GC(0)   Evacuate Collection Set: 10.3ms
[2021-05-30T17:22:38.790-0700][gc,phases    ] GC(0)   Post Evacuate Collection Set: 0.7ms
[2021-05-30T17:22:38.790-0700][gc,phases    ] GC(0)   Other: 0.6ms
[2021-05-30T17:22:38.790-0700][gc,heap      ] GC(0) Eden regions: 41->0(44)
[2021-05-30T17:22:38.790-0700][gc,heap      ] GC(0) Survivor regions: 0->7(7)
[2021-05-30T17:22:38.790-0700][gc,heap      ] GC(0) Old regions: 0->0
[2021-05-30T17:22:38.790-0700][gc,heap      ] GC(0) Humongous regions: 0->0
[2021-05-30T17:22:38.790-0700][gc,metaspace ] GC(0) Metaspace: 20797K->20797K(1069056K)
[2021-05-30T17:22:38.790-0700][gc           ] GC(0) Pause Young (Concurrent Start) (Metadata GC Threshold) 41M->6M(1024M) 11.698ms
[2021-05-30T17:22:38.790-0700][gc,cpu       ] GC(0) User=0.01s Sys=0.00s Real=0.02s
[2021-05-30T17:22:38.790-0700][gc           ] GC(1) Concurrent Cycle
[2021-05-30T17:22:38.790-0700][gc,marking   ] GC(1) Concurrent Clear Claimed Marks
[2021-05-30T17:22:38.791-0700][gc,marking   ] GC(1) Concurrent Clear Claimed Marks 0.037ms
[2021-05-30T17:22:38.791-0700][gc,marking   ] GC(1) Concurrent Scan Root Regions
[2021-05-30T17:22:38.794-0700][gc,marking   ] GC(1) Concurrent Scan Root Regions 3.939ms
[2021-05-30T17:22:38.795-0700][gc,marking   ] GC(1) Concurrent Mark (1.324s)
[2021-05-30T17:22:38.795-0700][gc,marking   ] GC(1) Concurrent Mark From Roots
[2021-05-30T17:22:38.795-0700][gc,task      ] GC(1) Using 1 workers of 1 for marking
[2021-05-30T17:22:38.795-0700][gc,marking   ] GC(1) Concurrent Mark From Roots 0.141ms
[2021-05-30T17:22:38.795-0700][gc,marking   ] GC(1) Concurrent Preclean
[2021-05-30T17:22:38.795-0700][gc,marking   ] GC(1) Concurrent Preclean 0.028ms
[2021-05-30T17:22:38.795-0700][gc,marking   ] GC(1) Concurrent Mark (1.324s, 1.324s) 0.216ms
[2021-05-30T17:22:38.795-0700][gc,start     ] GC(1) Pause Remark
[2021-05-30T17:22:38.798-0700][gc,stringtable] GC(1) Cleaned string and symbol table, strings: 7421 processed, 0 removed, symbols: 64324 processed, 37 removed
[2021-05-30T17:22:38.798-0700][gc            ] GC(1) Pause Remark 7M->7M(1024M) 3.211ms
[2021-05-30T17:22:38.798-0700][gc,cpu        ] GC(1) User=0.01s Sys=0.00s Real=0.00s
[2021-05-30T17:22:38.798-0700][gc,marking    ] GC(1) Concurrent Rebuild Remembered Sets
[2021-05-30T17:22:38.799-0700][gc,marking    ] GC(1) Concurrent Rebuild Remembered Sets 0.071ms
[2021-05-30T17:22:38.799-0700][gc,start      ] GC(1) Pause Cleanup
[2021-05-30T17:22:38.799-0700][gc            ] GC(1) Pause Cleanup 7M->7M(1024M) 0.114ms
[2021-05-30T17:22:38.799-0700][gc,cpu        ] GC(1) User=0.00s Sys=0.00s Real=0.00s
[2021-05-30T17:22:38.799-0700][gc,marking    ] GC(1) Concurrent Cleanup for Next Mark
[2021-05-30T17:22:38.808-0700][gc,marking    ] GC(1) Concurrent Cleanup for Next Mark 8.644ms
[2021-05-30T17:22:38.808-0700][gc            ] GC(1) Concurrent Cycle 17.173ms
[2021-05-30T17:22:40.355-0700][gc,start      ] GC(2) Pause Young (Normal) (G1 Evacuation Pause)
[2021-05-30T17:22:40.356-0700][gc,task       ] GC(2) Using 4 workers of 4 for evacuation
[2021-05-30T17:22:40.368-0700][gc,phases     ] GC(2)   Pre Evacuate Collection Set: 0.0ms
[2021-05-30T17:22:40.368-0700][gc,phases     ] GC(2)   Evacuate Collection Set: 11.5ms
[2021-05-30T17:22:40.368-0700][gc,phases     ] GC(2)   Post Evacuate Collection Set: 0.6ms
[2021-05-30T17:22:40.368-0700][gc,phases     ] GC(2)   Other: 0.2ms
[2021-05-30T17:22:40.368-0700][gc,heap       ] GC(2) Eden regions: 44->0(49)
[2021-05-30T17:22:40.368-0700][gc,heap       ] GC(2) Survivor regions: 7->2(7)
[2021-05-30T17:22:40.368-0700][gc,heap       ] GC(2) Old regions: 0->7
[2021-05-30T17:22:40.368-0700][gc,heap       ] GC(2) Humongous regions: 0->0
[2021-05-30T17:22:40.368-0700][gc,metaspace  ] GC(2) Metaspace: 30766K->30766K(1077248K)
[2021-05-30T17:22:40.368-0700][gc            ] GC(2) Pause Young (Normal) (G1 Evacuation Pause) 50M->8M(1024M) 12.491ms
[2021-05-30T17:22:40.368-0700][gc,cpu        ] GC(2) User=0.02s Sys=0.00s Real=0.01s
[2021-05-30T17:22:40.739-0700][gc,start      ] GC(3) Pause Young (Concurrent Start) (Metadata GC Threshold)
[2021-05-30T17:22:40.739-0700][gc,task       ] GC(3) Using 4 workers of 4 for evacuation
[2021-05-30T17:22:40.742-0700][gc,phases     ] GC(3)   Pre Evacuate Collection Set: 0.1ms
[2021-05-30T17:22:40.742-0700][gc,phases     ] GC(3)   Evacuate Collection Set: 2.3ms
[2021-05-30T17:22:40.742-0700][gc,phases     ] GC(3)   Post Evacuate Collection Set: 0.2ms
[2021-05-30T17:22:40.742-0700][gc,phases     ] GC(3)   Other: 0.2ms
[2021-05-30T17:22:40.742-0700][gc,heap       ] GC(3) Eden regions: 18->0(48)
[2021-05-30T17:22:40.742-0700][gc,heap       ] GC(3) Survivor regions: 2->3(7)
[2021-05-30T17:22:40.742-0700][gc,heap       ] GC(3) Old regions: 7->7
[2021-05-30T17:22:40.742-0700][gc,heap       ] GC(3) Humongous regions: 129->129
[2021-05-30T17:22:40.742-0700][gc,metaspace  ] GC(3) Metaspace: 34775K->34775K(1081344K)
[2021-05-30T17:22:40.742-0700][gc            ] GC(3) Pause Young (Concurrent Start) (Metadata GC Threshold) 155M->138M(1024M) 2.888ms
[2021-05-30T17:22:40.742-0700][gc,cpu        ] GC(3) User=0.01s Sys=0.00s Real=0.01s
[2021-05-30T17:22:40.742-0700][gc            ] GC(4) Concurrent Cycle
[2021-05-30T17:22:40.742-0700][gc,marking    ] GC(4) Concurrent Clear Claimed Marks
[2021-05-30T17:22:40.742-0700][gc,marking    ] GC(4) Concurrent Clear Claimed Marks 0.038ms
[2021-05-30T17:22:40.742-0700][gc,marking    ] GC(4) Concurrent Scan Root Regions
[2021-05-30T17:22:40.744-0700][gc,marking    ] GC(4) Concurrent Scan Root Regions 1.742ms
[2021-05-30T17:22:40.744-0700][gc,marking    ] GC(4) Concurrent Mark (3.273s)
[2021-05-30T17:22:40.744-0700][gc,marking    ] GC(4) Concurrent Mark From Roots
[2021-05-30T17:22:40.744-0700][gc,task       ] GC(4) Using 1 workers of 1 for marking
[2021-05-30T17:22:40.755-0700][gc,marking    ] GC(4) Concurrent Mark From Roots 10.716ms
[2021-05-30T17:22:40.755-0700][gc,marking    ] GC(4) Concurrent Preclean
[2021-05-30T17:22:40.755-0700][gc,marking    ] GC(4) Concurrent Preclean 0.050ms
[2021-05-30T17:22:40.755-0700][gc,marking    ] GC(4) Concurrent Mark (3.273s, 3.284s) 10.827ms
[2021-05-30T17:22:40.755-0700][gc,start      ] GC(4) Pause Remark
[2021-05-30T17:22:40.757-0700][gc,stringtable] GC(4) Cleaned string and symbol table, strings: 10818 processed, 10 removed, symbols: 95799 processed, 29 removed
[2021-05-30T17:22:40.757-0700][gc            ] GC(4) Pause Remark 139M->139M(1024M) 2.407ms
[2021-05-30T17:22:40.757-0700][gc,cpu        ] GC(4) User=0.01s Sys=0.00s Real=0.00s
[2021-05-30T17:22:40.757-0700][gc,marking    ] GC(4) Concurrent Rebuild Remembered Sets
[2021-05-30T17:22:40.762-0700][gc,marking    ] GC(4) Concurrent Rebuild Remembered Sets 4.921ms
[2021-05-30T17:22:40.763-0700][gc,start      ] GC(4) Pause Cleanup
[2021-05-30T17:22:40.763-0700][gc            ] GC(4) Pause Cleanup 139M->139M(1024M) 0.365ms
[2021-05-30T17:22:40.763-0700][gc,cpu        ] GC(4) User=0.00s Sys=0.00s Real=0.00s
[2021-05-30T17:22:40.763-0700][gc,marking    ] GC(4) Concurrent Cleanup for Next Mark
[2021-05-30T17:22:40.776-0700][gc,marking    ] GC(4) Concurrent Cleanup for Next Mark 12.685ms
[2021-05-30T17:22:40.776-0700][gc            ] GC(4) Concurrent Cycle 33.880ms
[2021-05-30T17:22:41.972-0700][gc,start      ] GC(5) Pause Young (Normal) (G1 Evacuation Pause)
[2021-05-30T17:22:41.972-0700][gc,task       ] GC(5) Using 4 workers of 4 for evacuation
[2021-05-30T17:22:41.981-0700][gc,phases     ] GC(5)   Pre Evacuate Collection Set: 0.0ms
[2021-05-30T17:22:41.981-0700][gc,phases     ] GC(5)   Evacuate Collection Set: 8.6ms
[2021-05-30T17:22:41.981-0700][gc,phases     ] GC(5)   Post Evacuate Collection Set: 0.5ms
[2021-05-30T17:22:41.981-0700][gc,phases     ] GC(5)   Other: 0.2ms
[2021-05-30T17:22:41.981-0700][gc,heap       ] GC(5) Eden regions: 48->0(44)
[2021-05-30T17:22:41.981-0700][gc,heap       ] GC(5) Survivor regions: 3->7(7)
[2021-05-30T17:22:41.981-0700][gc,heap       ] GC(5) Old regions: 7->7
[2021-05-30T17:22:41.981-0700][gc,heap       ] GC(5) Humongous regions: 129->129
[2021-05-30T17:22:41.981-0700][gc,metaspace  ] GC(5) Metaspace: 43545K->43545K(1089536K)
[2021-05-30T17:22:41.981-0700][gc            ] GC(5) Pause Young (Normal) (G1 Evacuation Pause) 186M->141M(1024M) 9.445ms
[2021-05-30T17:22:41.981-0700][gc,cpu        ] GC(5) User=0.03s Sys=0.00s Real=0.01s
[2021-05-30T17:28:16.974-0700][gc,start      ] GC(6) Pause Young (Normal) (G1 Evacuation Pause)
[2021-05-30T17:28:16.974-0700][gc,task       ] GC(6) Using 4 workers of 4 for evacuation
[2021-05-30T17:28:16.991-0700][gc,phases     ] GC(6)   Pre Evacuate Collection Set: 0.0ms
[2021-05-30T17:28:16.991-0700][gc,phases     ] GC(6)   Evacuate Collection Set: 15.8ms
[2021-05-30T17:28:16.991-0700][gc,phases     ] GC(6)   Post Evacuate Collection Set: 0.8ms
[2021-05-30T17:28:16.991-0700][gc,phases     ] GC(6)   Other: 0.4ms
[2021-05-30T17:28:16.991-0700][gc,heap       ] GC(6) Eden regions: 44->0(47)
[2021-05-30T17:28:16.991-0700][gc,heap       ] GC(6) Survivor regions: 7->4(7)
[2021-05-30T17:28:16.991-0700][gc,heap       ] GC(6) Old regions: 7->13
[2021-05-30T17:28:16.991-0700][gc,heap       ] GC(6) Humongous regions: 129->129
[2021-05-30T17:28:16.991-0700][gc,metaspace  ] GC(6) Metaspace: 48007K->48007K(1093632K)
[2021-05-30T17:28:16.991-0700][gc            ] GC(6) Pause Young (Normal) (G1 Evacuation Pause) 185M->145M(1024M) 17.121ms
[2021-05-30T17:28:16.991-0700][gc,cpu        ] GC(6) User=0.05s Sys=0.01s Real=0.02s
[2021-05-30T17:34:13.822-0700][gc,start      ] GC(7) Pause Young (Normal) (G1 Evacuation Pause)
[2021-05-30T17:34:13.822-0700][gc,task       ] GC(7) Using 4 workers of 4 for evacuation
[2021-05-30T17:34:13.831-0700][gc,phases     ] GC(7)   Pre Evacuate Collection Set: 0.1ms
[2021-05-30T17:34:13.831-0700][gc,phases     ] GC(7)   Evacuate Collection Set: 8.5ms
[2021-05-30T17:34:13.831-0700][gc,phases     ] GC(7)   Post Evacuate Collection Set: 0.3ms
[2021-05-30T17:34:13.831-0700][gc,phases     ] GC(7)   Other: 0.6ms
[2021-05-30T17:34:13.831-0700][gc,heap       ] GC(7) Eden regions: 47->0(46)
[2021-05-30T17:34:13.831-0700][gc,heap       ] GC(7) Survivor regions: 4->5(7)
[2021-05-30T17:34:13.831-0700][gc,heap       ] GC(7) Old regions: 13->13
[2021-05-30T17:34:13.831-0700][gc,heap       ] GC(7) Humongous regions: 129->129
[2021-05-30T17:34:13.831-0700][gc,metaspace  ] GC(7) Metaspace: 48179K->48179K(1093632K)
[2021-05-30T17:34:13.831-0700][gc            ] GC(7) Pause Young (Normal) (G1 Evacuation Pause) 192M->145M(1024M) 9.620ms
[2021-05-30T17:34:13.831-0700][gc,cpu        ] GC(7) User=0.03s Sys=0.01s Real=0.01s
[2021-05-30T17:40:24.723-0700][gc,start      ] GC(8) Pause Young (Normal) (G1 Evacuation Pause)
[2021-05-30T17:40:24.723-0700][gc,task       ] GC(8) Using 4 workers of 4 for evacuation
[2021-05-30T17:40:24.732-0700][gc,phases     ] GC(8)   Pre Evacuate Collection Set: 0.1ms
[2021-05-30T17:40:24.732-0700][gc,phases     ] GC(8)   Evacuate Collection Set: 7.4ms
[2021-05-30T17:40:24.732-0700][gc,phases     ] GC(8)   Post Evacuate Collection Set: 0.3ms
[2021-05-30T17:40:24.732-0700][gc,phases     ] GC(8)   Other: 0.6ms
[2021-05-30T17:40:24.732-0700][gc,heap       ] GC(8) Eden regions: 46->0(48)
[2021-05-30T17:40:24.732-0700][gc,heap       ] GC(8) Survivor regions: 5->3(7)
[2021-05-30T17:40:24.732-0700][gc,heap       ] GC(8) Old regions: 13->14
[2021-05-30T17:40:24.732-0700][gc,heap       ] GC(8) Humongous regions: 129->129
[2021-05-30T17:40:24.732-0700][gc,metaspace  ] GC(8) Metaspace: 48617K->48617K(1093632K)
[2021-05-30T17:40:24.732-0700][gc            ] GC(8) Pause Young (Normal) (G1 Evacuation Pause) 191M->144M(1024M) 8.534ms
[2021-05-30T17:40:24.732-0700][gc,cpu        ] GC(8) User=0.02s Sys=0.00s Real=0.01s
[2021-05-30T17:48:38.535-0700][gc,start      ] GC(9) Pause Young (Normal) (G1 Evacuation Pause)
[2021-05-30T17:48:38.535-0700][gc,task       ] GC(9) Using 4 workers of 4 for evacuation
[2021-05-30T17:48:38.540-0700][gc,phases     ] GC(9)   Pre Evacuate Collection Set: 0.1ms
[2021-05-30T17:48:38.540-0700][gc,phases     ] GC(9)   Evacuate Collection Set: 4.8ms
[2021-05-30T17:48:38.541-0700][gc,phases     ] GC(9)   Post Evacuate Collection Set: 0.3ms
[2021-05-30T17:48:38.541-0700][gc,phases     ] GC(9)   Other: 0.2ms
[2021-05-30T17:48:38.541-0700][gc,heap       ] GC(9) Eden regions: 48->0(47)
[2021-05-30T17:48:38.541-0700][gc,heap       ] GC(9) Survivor regions: 3->4(7)
[2021-05-30T17:48:38.541-0700][gc,heap       ] GC(9) Old regions: 14->14
[2021-05-30T17:48:38.541-0700][gc,heap       ] GC(9) Humongous regions: 129->129
[2021-05-30T17:48:38.541-0700][gc,metaspace  ] GC(9) Metaspace: 48684K->48684K(1093632K)
[2021-05-30T17:48:38.541-0700][gc            ] GC(9) Pause Young (Normal) (G1 Evacuation Pause) 192M->146M(1024M) 5.515ms
[2021-05-30T17:48:38.541-0700][gc,cpu        ] GC(9) User=0.02s Sys=0.00s Real=0.01s
[2021-05-30T17:56:31.318-0700][gc,start      ] GC(10) Pause Young (Normal) (G1 Evacuation Pause)
[2021-05-30T17:56:31.320-0700][gc,task       ] GC(10) Using 4 workers of 4 for evacuation
[2021-05-30T17:56:31.331-0700][gc,phases     ] GC(10)   Pre Evacuate Collection Set: 0.0ms
[2021-05-30T17:56:31.331-0700][gc,phases     ] GC(10)   Evacuate Collection Set: 10.0ms
[2021-05-30T17:56:31.331-0700][gc,phases     ] GC(10)   Post Evacuate Collection Set: 0.3ms
[2021-05-30T17:56:31.331-0700][gc,phases     ] GC(10)   Other: 2.2ms
[2021-05-30T17:56:31.331-0700][gc,heap       ] GC(10) Eden regions: 47->0(47)
[2021-05-30T17:56:31.331-0700][gc,heap       ] GC(10) Survivor regions: 4->4(7)
[2021-05-30T17:56:31.331-0700][gc,heap       ] GC(10) Old regions: 14->14
[2021-05-30T17:56:31.331-0700][gc,heap       ] GC(10) Humongous regions: 129->129
[2021-05-30T17:56:31.331-0700][gc,metaspace  ] GC(10) Metaspace: 49103K->49103K(1093632K)
[2021-05-30T17:56:31.331-0700][gc            ] GC(10) Pause Young (Normal) (G1 Evacuation Pause) 193M->146M(1024M) 12.636ms
[2021-05-30T17:56:31.331-0700][gc,cpu        ] GC(10) User=0.03s Sys=0.01s Real=0.02s
[2021-05-30T18:03:03.773-0700][gc,start      ] GC(11) Pause Young (Normal) (G1 Evacuation Pause)
[2021-05-30T18:03:03.773-0700][gc,task       ] GC(11) Using 4 workers of 4 for evacuation
[2021-05-30T18:03:03.785-0700][gc,phases     ] GC(11)   Pre Evacuate Collection Set: 0.0ms
[2021-05-30T18:03:03.785-0700][gc,phases     ] GC(11)   Evacuate Collection Set: 11.3ms
[2021-05-30T18:03:03.786-0700][gc,phases     ] GC(11)   Post Evacuate Collection Set: 1.0ms
[2021-05-30T18:03:03.786-0700][gc,phases     ] GC(11)   Other: 0.4ms
[2021-05-30T18:03:03.786-0700][gc,heap       ] GC(11) Eden regions: 47->0(46)
[2021-05-30T18:03:03.786-0700][gc,heap       ] GC(11) Survivor regions: 4->5(7)
[2021-05-30T18:03:03.786-0700][gc,heap       ] GC(11) Old regions: 14->14
[2021-05-30T18:03:03.786-0700][gc,heap       ] GC(11) Humongous regions: 129->129
[2021-05-30T18:03:03.786-0700][gc,metaspace  ] GC(11) Metaspace: 49213K->49213K(1093632K)
[2021-05-30T18:03:03.786-0700][gc            ] GC(11) Pause Young (Normal) (G1 Evacuation Pause) 193M->147M(1024M) 12.827ms
[2021-05-30T18:03:03.786-0700][gc,cpu        ] GC(11) User=0.04s Sys=0.00s Real=0.01s
[2021-05-30T20:00:55.487-0700][gc,start      ] GC(12) Pause Young (Normal) (G1 Evacuation Pause)
[2021-05-30T20:00:55.489-0700][gc,task       ] GC(12) Using 4 workers of 4 for evacuation
[2021-05-30T20:00:55.508-0700][gc,phases     ] GC(12)   Pre Evacuate Collection Set: 2.6ms
[2021-05-30T20:00:55.508-0700][gc,phases     ] GC(12)   Evacuate Collection Set: 15.2ms
[2021-05-30T20:00:55.508-0700][gc,phases     ] GC(12)   Post Evacuate Collection Set: 0.3ms
[2021-05-30T20:00:55.508-0700][gc,phases     ] GC(12)   Other: 3.0ms
[2021-05-30T20:00:55.508-0700][gc,heap       ] GC(12) Eden regions: 46->0(47)
[2021-05-30T20:00:55.508-0700][gc,heap       ] GC(12) Survivor regions: 5->4(7)
[2021-05-30T20:00:55.508-0700][gc,heap       ] GC(12) Old regions: 14->15
[2021-05-30T20:00:55.508-0700][gc,heap       ] GC(12) Humongous regions: 129->129
[2021-05-30T20:00:55.508-0700][gc,metaspace  ] GC(12) Metaspace: 49238K->49238K(1093632K)
[2021-05-30T20:00:55.508-0700][gc            ] GC(12) Pause Young (Normal) (G1 Evacuation Pause) 193M->147M(1024M) 21.117ms
[2021-05-30T20:00:55.508-0700][gc,cpu        ] GC(12) User=0.03s Sys=0.03s Real=0.02s
[2021-05-30T22:37:24.396-0700][gc,start      ] GC(13) Pause Young (Normal) (G1 Evacuation Pause)
[2021-05-30T22:37:24.398-0700][gc,task       ] GC(13) Using 4 workers of 4 for evacuation
[2021-05-30T22:37:24.409-0700][gc,phases     ] GC(13)   Pre Evacuate Collection Set: 0.0ms
[2021-05-30T22:37:24.409-0700][gc,phases     ] GC(13)   Evacuate Collection Set: 10.7ms
[2021-05-30T22:37:24.409-0700][gc,phases     ] GC(13)   Post Evacuate Collection Set: 0.2ms
[2021-05-30T22:37:24.409-0700][gc,phases     ] GC(13)   Other: 2.1ms
[2021-05-30T22:37:24.409-0700][gc,heap       ] GC(13) Eden regions: 47->0(46)
[2021-05-30T22:37:24.409-0700][gc,heap       ] GC(13) Survivor regions: 4->5(7)
[2021-05-30T22:37:24.409-0700][gc,heap       ] GC(13) Old regions: 15->15
[2021-05-30T22:37:24.409-0700][gc,heap       ] GC(13) Humongous regions: 129->129
[2021-05-30T22:37:24.409-0700][gc,metaspace  ] GC(13) Metaspace: 49262K->49262K(1093632K)
[2021-05-30T22:37:24.409-0700][gc            ] GC(13) Pause Young (Normal) (G1 Evacuation Pause) 194M->148M(1024M) 13.196ms
[2021-05-30T22:37:24.409-0700][gc,cpu        ] GC(13) User=0.03s Sys=0.00s Real=0.01s
[2021-05-30T23:45:45.755-0700][gc,start      ] GC(14) Pause Young (Normal) (G1 Evacuation Pause)
[2021-05-30T23:45:45.757-0700][gc,task       ] GC(14) Using 4 workers of 4 for evacuation
[2021-05-30T23:45:45.769-0700][gc,phases     ] GC(14)   Pre Evacuate Collection Set: 0.0ms
[2021-05-30T23:45:45.769-0700][gc,phases     ] GC(14)   Evacuate Collection Set: 11.0ms
[2021-05-30T23:45:45.769-0700][gc,phases     ] GC(14)   Post Evacuate Collection Set: 0.2ms
[2021-05-30T23:45:45.769-0700][gc,phases     ] GC(14)   Other: 2.1ms
[2021-05-30T23:45:45.769-0700][gc,heap       ] GC(14) Eden regions: 46->0(49)
[2021-05-30T23:45:45.769-0700][gc,heap       ] GC(14) Survivor regions: 5->5(7)
[2021-05-30T23:45:45.769-0700][gc,heap       ] GC(14) Old regions: 15->16
[2021-05-30T23:45:45.769-0700][gc,heap       ] GC(14) Humongous regions: 129->129
[2021-05-30T23:45:45.769-0700][gc,metaspace  ] GC(14) Metaspace: 49381K->49381K(1093632K)
[2021-05-30T23:45:45.769-0700][gc            ] GC(14) Pause Young (Normal) (G1 Evacuation Pause) 194M->149M(1024M) 13.578ms
[2021-05-30T23:45:45.769-0700][gc,cpu        ] GC(14) User=0.04s Sys=0.00s Real=0.01s
[2021-05-31T01:01:15.023-0700][gc,start      ] GC(15) Pause Young (Normal) (G1 Evacuation Pause)
[2021-05-31T01:01:15.025-0700][gc,task       ] GC(15) Using 4 workers of 4 for evacuation
[2021-05-31T01:01:15.038-0700][gc,phases     ] GC(15)   Pre Evacuate Collection Set: 0.0ms
[2021-05-31T01:01:15.038-0700][gc,phases     ] GC(15)   Evacuate Collection Set: 12.3ms
[2021-05-31T01:01:15.038-0700][gc,phases     ] GC(15)   Post Evacuate Collection Set: 0.2ms
[2021-05-31T01:01:15.038-0700][gc,phases     ] GC(15)   Other: 2.1ms
[2021-05-31T01:01:15.038-0700][gc,heap       ] GC(15) Eden regions: 49->0(53)
[2021-05-31T01:01:15.038-0700][gc,heap       ] GC(15) Survivor regions: 5->6(7)
[2021-05-31T01:01:15.038-0700][gc,heap       ] GC(15) Old regions: 16->17
[2021-05-31T01:01:15.038-0700][gc,heap       ] GC(15) Humongous regions: 129->129
[2021-05-31T01:01:15.038-0700][gc,metaspace  ] GC(15) Metaspace: 49516K->49516K(1093632K)
[2021-05-31T01:01:15.038-0700][gc            ] GC(15) Pause Young (Normal) (G1 Evacuation Pause) 198M->150M(1024M) 14.820ms
[2021-05-31T01:01:15.038-0700][gc,cpu        ] GC(15) User=0.04s Sys=0.01s Real=0.01s
[2021-05-31T04:04:26.822-0700][gc,start      ] GC(16) Pause Young (Normal) (G1 Evacuation Pause)
[2021-05-31T04:04:26.824-0700][gc,task       ] GC(16) Using 4 workers of 4 for evacuation
[2021-05-31T04:04:26.836-0700][gc,phases     ] GC(16)   Pre Evacuate Collection Set: 0.0ms
[2021-05-31T04:04:26.836-0700][gc,phases     ] GC(16)   Evacuate Collection Set: 10.7ms
[2021-05-31T04:04:26.836-0700][gc,phases     ] GC(16)   Post Evacuate Collection Set: 0.2ms
[2021-05-31T04:04:26.836-0700][gc,phases     ] GC(16)   Other: 2.2ms
[2021-05-31T04:04:26.836-0700][gc,heap       ] GC(16) Eden regions: 53->0(136)
[2021-05-31T04:04:26.836-0700][gc,heap       ] GC(16) Survivor regions: 6->4(8)
[2021-05-31T04:04:26.836-0700][gc,heap       ] GC(16) Old regions: 17->18
[2021-05-31T04:04:26.836-0700][gc,heap       ] GC(16) Humongous regions: 129->129
[2021-05-31T04:04:26.836-0700][gc,metaspace  ] GC(16) Metaspace: 49527K->49527K(1093632K)
[2021-05-31T04:04:26.836-0700][gc            ] GC(16) Pause Young (Normal) (G1 Evacuation Pause) 203M->150M(1024M) 13.289ms
[2021-05-31T04:04:26.836-0700][gc,cpu        ] GC(16) User=0.04s Sys=0.00s Real=0.01s
[2021-05-31T04:22:46.898-0700][gc,start      ] GC(17) Pause Young (Normal) (G1 Evacuation Pause)
[2021-05-31T04:22:46.899-0700][gc,task       ] GC(17) Using 4 workers of 4 for evacuation
[2021-05-31T04:22:46.909-0700][gc,phases     ] GC(17)   Pre Evacuate Collection Set: 0.1ms
[2021-05-31T04:22:46.909-0700][gc,phases     ] GC(17)   Evacuate Collection Set: 9.2ms
[2021-05-31T04:22:46.909-0700][gc,phases     ] GC(17)   Post Evacuate Collection Set: 0.6ms
[2021-05-31T04:22:46.909-0700][gc,phases     ] GC(17)   Other: 1.2ms
[2021-05-31T04:22:46.909-0700][gc,heap       ] GC(17) Eden regions: 136->0(140)
[2021-05-31T04:22:46.909-0700][gc,heap       ] GC(17) Survivor regions: 4->5(18)
[2021-05-31T04:22:46.909-0700][gc,heap       ] GC(17) Old regions: 18->18
[2021-05-31T04:22:46.909-0700][gc,heap       ] GC(17) Humongous regions: 129->129
[2021-05-31T04:22:46.909-0700][gc,metaspace  ] GC(17) Metaspace: 49544K->49544K(1093632K)
[2021-05-31T04:22:46.909-0700][gc            ] GC(17) Pause Young (Normal) (G1 Evacuation Pause) 286M->150M(1024M) 11.174ms
[2021-05-31T04:22:46.909-0700][gc,cpu        ] GC(17) User=0.03s Sys=0.00s Real=0.01s
[2021-05-31T04:41:49.560-0700][gc,start      ] GC(18) Pause Young (Normal) (G1 Evacuation Pause)
[2021-05-31T04:41:49.561-0700][gc,task       ] GC(18) Using 4 workers of 4 for evacuation
[2021-05-31T04:41:49.572-0700][gc,phases     ] GC(18)   Pre Evacuate Collection Set: 0.0ms
[2021-05-31T04:41:49.572-0700][gc,phases     ] GC(18)   Evacuate Collection Set: 8.9ms
[2021-05-31T04:41:49.572-0700][gc,phases     ] GC(18)   Post Evacuate Collection Set: 0.9ms
[2021-05-31T04:41:49.572-0700][gc,phases     ] GC(18)   Other: 2.1ms
[2021-05-31T04:41:49.572-0700][gc,heap       ] GC(18) Eden regions: 140->0(610)
[2021-05-31T04:41:49.572-0700][gc,heap       ] GC(18) Survivor regions: 5->4(19)
[2021-05-31T04:41:49.572-0700][gc,heap       ] GC(18) Old regions: 18->18
[2021-05-31T04:41:49.572-0700][gc,heap       ] GC(18) Humongous regions: 129->129
[2021-05-31T04:41:49.572-0700][gc,metaspace  ] GC(18) Metaspace: 49565K->49565K(1093632K)
[2021-05-31T04:41:49.572-0700][gc            ] GC(18) Pause Young (Normal) (G1 Evacuation Pause) 290M->150M(1024M) 12.069ms
[2021-05-31T04:41:49.572-0700][gc,cpu        ] GC(18) User=0.03s Sys=0.00s Real=0.01s
[2021-05-31T09:21:09.600-0700][gc,start      ] GC(19) Pause Young (Normal) (G1 Evacuation Pause)
[2021-05-31T09:21:09.602-0700][gc,task       ] GC(19) Using 4 workers of 4 for evacuation
[2021-05-31T09:21:09.617-0700][gc,phases     ] GC(19)   Pre Evacuate Collection Set: 1.3ms
[2021-05-31T09:21:09.617-0700][gc,phases     ] GC(19)   Evacuate Collection Set: 11.8ms
[2021-05-31T09:21:09.617-0700][gc,phases     ] GC(19)   Post Evacuate Collection Set: 1.4ms
[2021-05-31T09:21:09.617-0700][gc,phases     ] GC(19)   Other: 2.8ms
[2021-05-31T09:21:09.617-0700][gc,heap       ] GC(19) Eden regions: 610->0(609)
[2021-05-31T09:21:09.617-0700][gc,heap       ] GC(19) Survivor regions: 4->5(77)
[2021-05-31T09:21:09.617-0700][gc,heap       ] GC(19) Old regions: 18->18
[2021-05-31T09:21:09.617-0700][gc,heap       ] GC(19) Humongous regions: 129->129
[2021-05-31T09:21:09.617-0700][gc,metaspace  ] GC(19) Metaspace: 49924K->49924K(1093632K)
[2021-05-31T09:21:09.617-0700][gc            ] GC(19) Pause Young (Normal) (G1 Evacuation Pause) 760M->151M(1024M) 17.400ms
[2021-05-31T09:21:09.617-0700][gc,cpu        ] GC(19) User=0.04s Sys=0.02s Real=0.01s
