[2021-05-30 17:22:41,986] INFO [Broker id=2] Add 57 partitions and deleted 0 partitions from metadata cache in response to UpdateMetadata request sent by controller 0 epoch 2 with correlation id 0 (state.change.logger)
[2021-05-30 17:22:42,011] INFO [Broker id=2] Handling LeaderAndIsr request correlationId 1 from controller 0 for 3 partitions (state.change.logger)
[2021-05-30 17:22:42,087] INFO [Broker id=2] Follower test-topic-replicated-0 starts at leader epoch 2 from offset 1 with high watermark 1. Previous leader epoch was -1. (state.change.logger)
[2021-05-30 17:22:42,087] INFO [Broker id=2] Follower test-topic-replicated-1 starts at leader epoch 2 from offset 5 with high watermark 5. Previous leader epoch was -1. (state.change.logger)
[2021-05-30 17:22:42,088] INFO [Broker id=2] Follower test-topic-replicated-2 starts at leader epoch 2 from offset 2 with high watermark 2. Previous leader epoch was -1. (state.change.logger)
[2021-05-30 17:22:42,091] INFO [Broker id=2] Stopped fetchers as part of become-follower request from controller 0 epoch 2 with correlation id 1 for 3 partitions (state.change.logger)
[2021-05-30 17:22:42,153] INFO [Broker id=2] Finished LeaderAndIsr request in 143ms correlationId 1 from controller 0 for 3 partitions (state.change.logger)
[2021-05-30 17:22:42,161] INFO [Broker id=2] Add 3 partitions and deleted 0 partitions from metadata cache in response to UpdateMetadata request sent by controller 0 epoch 2 with correlation id 2 (state.change.logger)
[2021-05-30 17:22:42,205] INFO [Broker id=2] Add 1 partitions and deleted 0 partitions from metadata cache in response to UpdateMetadata request sent by controller 0 epoch 2 with correlation id 3 (state.change.logger)
[2021-05-30 17:22:42,214] INFO [Broker id=2] Add 1 partitions and deleted 0 partitions from metadata cache in response to UpdateMetadata request sent by controller 0 epoch 2 with correlation id 4 (state.change.logger)
[2021-05-30 17:22:42,221] INFO [Broker id=2] Add 1 partitions and deleted 0 partitions from metadata cache in response to UpdateMetadata request sent by controller 0 epoch 2 with correlation id 5 (state.change.logger)
[2021-05-30 17:25:54,893] INFO [Broker id=2] Handling LeaderAndIsr request correlationId 6 from controller 0 for 1 partitions (state.change.logger)
[2021-05-30 17:25:54,926] INFO [Broker id=2] Stopped fetchers as part of LeaderAndIsr request correlationId 6 from controller 0 epoch 2 as part of the become-leader transition for 1 partitions (state.change.logger)
[2021-05-30 17:25:54,933] INFO [Broker id=2] Leader test-topic-replicated-2 starts at leader epoch 3 from offset 3 with high watermark 3 ISR [0,1,2] addingReplicas [] removingReplicas []. Previous leader epoch was 2. (state.change.logger)
[2021-05-30 17:25:54,942] INFO [Broker id=2] Finished LeaderAndIsr request in 49ms correlationId 6 from controller 0 for 1 partitions (state.change.logger)
[2021-05-30 17:25:54,955] INFO [Broker id=2] Add 1 partitions and deleted 0 partitions from metadata cache in response to UpdateMetadata request sent by controller 0 epoch 2 with correlation id 7 (state.change.logger)
[2021-05-30 17:37:30,552] INFO [Broker id=2] Handling LeaderAndIsr request correlationId 8 from controller 0 for 3 partitions (state.change.logger)
[2021-05-30 17:37:30,558] INFO [Broker id=2] Stopped fetchers as part of LeaderAndIsr request correlationId 8 from controller 0 epoch 2 as part of the become-leader transition for 1 partitions (state.change.logger)
[2021-05-30 17:37:30,589] INFO [Broker id=2] Leader library-events-0 starts at leader epoch 0 from offset 0 with high watermark 0 ISR [2,1,0] addingReplicas [] removingReplicas []. Previous leader epoch was -1. (state.change.logger)
[2021-05-30 17:37:30,606] INFO [Broker id=2] Follower library-events-2 starts at leader epoch 0 from offset 0 with high watermark 0. Previous leader epoch was -1. (state.change.logger)
[2021-05-30 17:37:30,616] INFO [Broker id=2] Follower library-events-1 starts at leader epoch 0 from offset 0 with high watermark 0. Previous leader epoch was -1. (state.change.logger)
[2021-05-30 17:37:30,617] INFO [Broker id=2] Stopped fetchers as part of become-follower request from controller 0 epoch 2 with correlation id 8 for 2 partitions (state.change.logger)
[2021-05-30 17:37:30,619] INFO [Broker id=2] Finished LeaderAndIsr request in 67ms correlationId 8 from controller 0 for 3 partitions (state.change.logger)
[2021-05-30 17:37:30,620] INFO [Broker id=2] Add 3 partitions and deleted 0 partitions from metadata cache in response to UpdateMetadata request sent by controller 0 epoch 2 with correlation id 9 (state.change.logger)
