#
# A fatal error has been detected by the Java Runtime Environment:
#
#  SIGSEGV (0xb) at pc=0x00000001039a2a8b, pid=6193, tid=0x0000000000005f03
#
# JRE version: OpenJDK Runtime Environment (8.0_282) (build 1.8.0_282-bre_2021_01_20_16_06-b00)
# Java VM: OpenJDK 64-Bit Server VM (25.282-b00 mixed mode bsd-amd64 compressed oops)
# Problematic frame:
# V  [libjvm.dylib+0x565a8b]
#
# Failed to write core dump. Core dumps have been disabled. To enable core dumping, try "ulimit -c unlimited" before starting Java again
#
# If you would like to submit a bug report, please visit:
#   http://bugreport.java.com/bugreport/crash.jsp
#

---------------  T H R E A D  ---------------

Current thread (0x00007fe623dd5000):  JavaThread "reactor-http-nio-4" daemon [_thread_in_vm, id=24323, stack(0x00007000086a1000,0x00007000087a1000)]

siginfo: si_signo: 11 (SIGSEGV), si_code: 1 (SEGV_MAPERR), si_addr: 0x0000000000000000

Registers:
RAX=0x0000000103b3d190, RBX=0x00007fe623dd5000, RCX=0x00007fe628800004, RDX=0x0000000000000000
RSP=0x000070000879fe60, RBP=0x000070000879fe90, RSI=0x000070000879ff48, RDI=0x00007fe623dd5250
R8 =0x000000000000002f, R9 =0x0000000000000006, R10=0x00000001068183db, R11=0x0000000103922837
R12=0x0000000000000000, R13=0x000000011edd4e68, R14=0x000000000000002f, R15=0x00007fe628800004
RIP=0x00000001039a2a8b, EFLAGS=0x0000000000010246, ERR=0x0000000000000004
  TRAPNO=0x000000000000000e

Top of Stack: (sp=0x000070000879fe60)
0x000070000879fe60:   00007fe623dd5000 00007fe623dd5000
0x000070000879fe70:   000000011edd4e68 0000000000000000
0x000070000879fe80:   000070000879ff48 00007fe623dd5000
0x000070000879fe90:   000070000879ff08 0000000106818407
0x000070000879fea0:   000000011edd4e68 000070000879ff48
0x000070000879feb0:   000070000879ff08 0000000106818167
0x000070000879fec0:   0000000106818122 000070000879fec8
0x000070000879fed0:   000000011edd4e68 000070000879ff48
0x000070000879fee0:   000000011ee049e0 0000000000000000
0x000070000879fef0:   000000011edd4e68 0000000000000000
0x000070000879ff00:   000070000879ff28 000070000879ff90
0x000070000879ff10:   0000000106807ffd 0000000000000000
0x000070000879ff20:   0000000106811a58 000000000000002f
0x000070000879ff30:   00007fe628800004 00000001068134f9
0x000070000879ff40:   0000000000000000 00000006c0024dd8
0x000070000879ff50:   000070000879ff50 00000001224d09b6
0x000070000879ff60:   000070000879ffb8 00000001224d3490
0x000070000879ff70:   0000000000000000 00000001224d09e8
0x000070000879ff80:   000070000879ff28 000070000879ffa0
0x000070000879ff90:   00007000087a0000 0000000106807ffd
0x000070000879ffa0:   000000000000002f 00007fe628800004
0x000070000879ffb0:   0000000000000000 0000000000000000
0x000070000879ffc0:   000070000879ffc0 000000012248156b
0x000070000879ffd0:   00007000087a0028 00000001224c0028
0x000070000879ffe0:   0000000000000000 00000001224815a0
0x000070000879fff0:   000070000879ffa0 00007000087a0010
0x00007000087a0000:   00007000087a0070 0000000106807ffd
0x00007000087a0010:   000000000000002f 00007fe628800004
0x00007000087a0020:   0000000000000000 0000000000000000
0x00007000087a0030:   00007000087a0030 00000001234060c9
0x00007000087a0040:   00007000087a00f0 000000012340a4c0
0x00007000087a0050:   0000000000000000 00000001234062f0 

Instructions: (pc=0x00000001039a2a8b)
0x00000001039a2a6b:   00 30 74 08 48 89 df e8 4d 96 fe ff c7 83 c8 02
0x00000001039a2a7b:   00 00 06 00 00 00 48 89 5d d8 41 f6 c4 01 75 06
0x00000001039a2a8b:   49 8b 04 24 eb 08 4c 89 e7 e8 31 2b dd ff 46 88
0x00000001039a2a9b:   34 38 48 8d 7d d8 e8 6e b6 d9 ff 48 8d 7d d0 e8 

Register to memory mapping:

RAX=0x0000000103b3d190: _ZN20SafepointSynchronize6_stateE+0 in /usr/local/Cellar/openjdk@8/1.8.0+282/libexec/openjdk.jdk/Contents/Home/jre/lib/server/libjvm.dylib at 0x000000010343d000
RBX=0x00007fe623dd5000 is a thread
RCX=0x00007fe628800004 is an unknown value
RDX=0x0000000000000000 is an unknown value
RSP=0x000070000879fe60 is pointing into the stack for thread: 0x00007fe623dd5000
RBP=0x000070000879fe90 is pointing into the stack for thread: 0x00007fe623dd5000
RSI=0x000070000879ff48 is pointing into the stack for thread: 0x00007fe623dd5000
RDI=0x00007fe623dd5250 is an unknown value
R8 =0x000000000000002f is an unknown value
R9 =0x0000000000000006 is an unknown value
R10=0x00000001068183db is at code_begin+859 in an Interpreter codelet
method entry point (kind = native)  [0x0000000106818080, 0x0000000106818a00]  2432 bytes
R11=0x0000000103922837: throw_unsatisfied_link_error+0 in /usr/local/Cellar/openjdk@8/1.8.0+282/libexec/openjdk.jdk/Contents/Home/jre/lib/server/libjvm.dylib at 0x000000010343d000
R12=0x0000000000000000 is an unknown value
R13={method} {0x000000011edd4e68} 'putByte' '(Ljava/lang/Object;JB)V' in 'sun/misc/Unsafe'
R14=0x000000000000002f is an unknown value
R15=0x00007fe628800004 is an unknown value


Stack: [0x00007000086a1000,0x00007000087a1000],  sp=0x000070000879fe60,  free space=1019k
Native frames: (J=compiled Java code, j=interpreted, Vv=VM code, C=native code)
V  [libjvm.dylib+0x565a8b]
j  sun.misc.Unsafe.putByte(Ljava/lang/Object;JB)V+0
j  io.netty.util.internal.PlatformDependent0.putByte(Ljava/lang/Object;JB)V+6
j  io.netty.util.internal.PlatformDependent.putByte(Ljava/lang/Object;JB)V+3
j  io.netty.buffer.ByteBufUtil.unsafeWriteUtf8([BJILjava/lang/CharSequence;II)I+73
j  io.netty.buffer.ByteBufUtil.writeUtf8(Lio/netty/buffer/AbstractByteBuf;IILjava/lang/CharSequence;II)I+79
j  io.netty.buffer.ByteBufUtil.writeUtf8(Lio/netty/buffer/AbstractByteBuf;IILjava/lang/CharSequence;I)I+7
j  io.netty.buffer.AbstractByteBuf.setCharSequence0(ILjava/lang/CharSequence;Ljava/nio/charset/Charset;Z)I+55
j  io.netty.buffer.AbstractByteBuf.writeCharSequence(Ljava/lang/CharSequence;Ljava/nio/charset/Charset;)I+8
j  io.netty.handler.codec.http.HttpRequestEncoder.encodeInitialLine(Lio/netty/buffer/ByteBuf;Lio/netty/handler/codec/http/HttpRequest;)V+144
j  io.netty.handler.codec.http.HttpRequestEncoder.encodeInitialLine(Lio/netty/buffer/ByteBuf;Lio/netty/handler/codec/http/HttpMessage;)V+6
j  io.netty.handler.codec.http.HttpObjectEncoder.encode(Lio/netty/channel/ChannelHandlerContext;Ljava/lang/Object;Ljava/util/List;)V+88
j  io.netty.handler.codec.http.HttpClientCodec$Encoder.encode(Lio/netty/channel/ChannelHandlerContext;Ljava/lang/Object;Ljava/util/List;)V+52
j  io.netty.handler.codec.MessageToMessageEncoder.write(Lio/netty/channel/ChannelHandlerContext;Ljava/lang/Object;Lio/netty/channel/ChannelPromise;)V+25
j  io.netty.channel.CombinedChannelDuplexHandler.write(Lio/netty/channel/ChannelHandlerContext;Ljava/lang/Object;Lio/netty/channel/ChannelPromise;)V+45
j  io.netty.channel.AbstractChannelHandlerContext.invokeWrite0(Ljava/lang/Object;Lio/netty/channel/ChannelPromise;)V+10
j  io.netty.channel.AbstractChannelHandlerContext.invokeWriteAndFlush(Ljava/lang/Object;Lio/netty/channel/ChannelPromise;)V+10
j  io.netty.channel.AbstractChannelHandlerContext$WriteTask.run()V+41
j  io.netty.util.concurrent.AbstractEventExecutor.safeExecute(Ljava/lang/Runnable;)V+1
j  io.netty.util.concurrent.SingleThreadEventExecutor.runAllTasks(J)Z+41
j  io.netty.channel.nio.NioEventLoop.run()V+329
j  io.netty.util.concurrent.SingleThreadEventExecutor$4.run()V+44
j  io.netty.util.internal.ThreadExecutorMap$2.run()V+11
j  io.netty.util.concurrent.FastThreadLocalRunnable.run()V+4
j  java.lang.Thread.run()V+11
v  ~StubRoutines::call_stub
V  [libjvm.dylib+0x2cca1f]
V  [libjvm.dylib+0x2cb892]
V  [libjvm.dylib+0x2cba73]
V  [libjvm.dylib+0x3475d9]
V  [libjvm.dylib+0x54d9fc]
V  [libjvm.dylib+0x54d8c1]
V  [libjvm.dylib+0x484453]
C  [libsystem_pthread.dylib+0x6950]  _pthread_start+0xe0
C  [libsystem_pthread.dylib+0x247b]  thread_start+0xf
C  0x0000000000000000

Java frames: (J=compiled Java code, j=interpreted, Vv=VM code)
j  sun.misc.Unsafe.putByte(Ljava/lang/Object;JB)V+0
j  io.netty.util.internal.PlatformDependent0.putByte(Ljava/lang/Object;JB)V+6
j  io.netty.util.internal.PlatformDependent.putByte(Ljava/lang/Object;JB)V+3
j  io.netty.buffer.ByteBufUtil.unsafeWriteUtf8([BJILjava/lang/CharSequence;II)I+73
j  io.netty.buffer.ByteBufUtil.writeUtf8(Lio/netty/buffer/AbstractByteBuf;IILjava/lang/CharSequence;II)I+79
j  io.netty.buffer.ByteBufUtil.writeUtf8(Lio/netty/buffer/AbstractByteBuf;IILjava/lang/CharSequence;I)I+7
j  io.netty.buffer.AbstractByteBuf.setCharSequence0(ILjava/lang/CharSequence;Ljava/nio/charset/Charset;Z)I+55
j  io.netty.buffer.AbstractByteBuf.writeCharSequence(Ljava/lang/CharSequence;Ljava/nio/charset/Charset;)I+8
j  io.netty.handler.codec.http.HttpRequestEncoder.encodeInitialLine(Lio/netty/buffer/ByteBuf;Lio/netty/handler/codec/http/HttpRequest;)V+144
j  io.netty.handler.codec.http.HttpRequestEncoder.encodeInitialLine(Lio/netty/buffer/ByteBuf;Lio/netty/handler/codec/http/HttpMessage;)V+6
j  io.netty.handler.codec.http.HttpObjectEncoder.encode(Lio/netty/channel/ChannelHandlerContext;Ljava/lang/Object;Ljava/util/List;)V+88
j  io.netty.handler.codec.http.HttpClientCodec$Encoder.encode(Lio/netty/channel/ChannelHandlerContext;Ljava/lang/Object;Ljava/util/List;)V+52
j  io.netty.handler.codec.MessageToMessageEncoder.write(Lio/netty/channel/ChannelHandlerContext;Ljava/lang/Object;Lio/netty/channel/ChannelPromise;)V+25
j  io.netty.channel.CombinedChannelDuplexHandler.write(Lio/netty/channel/ChannelHandlerContext;Ljava/lang/Object;Lio/netty/channel/ChannelPromise;)V+45
j  io.netty.channel.AbstractChannelHandlerContext.invokeWrite0(Ljava/lang/Object;Lio/netty/channel/ChannelPromise;)V+10
j  io.netty.channel.AbstractChannelHandlerContext.invokeWriteAndFlush(Ljava/lang/Object;Lio/netty/channel/ChannelPromise;)V+10
j  io.netty.channel.AbstractChannelHandlerContext$WriteTask.run()V+41
j  io.netty.util.concurrent.AbstractEventExecutor.safeExecute(Ljava/lang/Runnable;)V+1
j  io.netty.util.concurrent.SingleThreadEventExecutor.runAllTasks(J)Z+41
j  io.netty.channel.nio.NioEventLoop.run()V+329
j  io.netty.util.concurrent.SingleThreadEventExecutor$4.run()V+44
j  io.netty.util.internal.ThreadExecutorMap$2.run()V+11
j  io.netty.util.concurrent.FastThreadLocalRunnable.run()V+4
j  java.lang.Thread.run()V+11
v  ~StubRoutines::call_stub

---------------  P R O C E S S  ---------------

Java Threads: ( => current thread )
=>0x00007fe623dd5000 JavaThread "reactor-http-nio-4" daemon [_thread_in_vm, id=24323, stack(0x00007000086a1000,0x00007000087a1000)]
  0x00007fe625380800 JavaThread "reactor-http-nio-3" daemon [_thread_in_native, id=39939, stack(0x000070000859e000,0x000070000869e000)]
  0x00007fe62537e800 JavaThread "pool-10-thread-1" daemon [_thread_blocked, id=24067, stack(0x000070000849b000,0x000070000859b000)]
  0x00007fe62537f800 JavaThread "parallel-1" daemon [_thread_blocked, id=40707, stack(0x0000700008398000,0x0000700008498000)]
  0x00007fe61f9f6000 JavaThread "reactor-http-nio-2" daemon [_thread_in_native, id=12811, stack(0x0000700008295000,0x0000700008395000)]
  0x00007fe6245ce800 JavaThread "DestroyJavaVM" [_thread_blocked, id=10499, stack(0x0000700006844000,0x0000700006944000)]
  0x00007fe6253ec000 JavaThread "server" [_thread_blocked, id=40963, stack(0x0000700008192000,0x0000700008292000)]
  0x00007fe6260e4000 JavaThread "reactor-http-nio-1" daemon [_thread_in_native, id=41219, stack(0x000070000808f000,0x000070000818f000)]
  0x00007fe6245ab000 JavaThread "DiscoveryClient-InstanceInfoReplicator-0" daemon [_thread_blocked, id=22787, stack(0x0000700007f8c000,0x000070000808c000)]
  0x00007fe6253d2800 JavaThread "DiscoveryClient-1" daemon [_thread_blocked, id=41475, stack(0x0000700007e89000,0x0000700007f89000)]
  0x00007fe6253d2000 JavaThread "DiscoveryClient-0" daemon [_thread_blocked, id=41987, stack(0x0000700007d86000,0x0000700007e86000)]
  0x00007fe623d87800 JavaThread "AsyncResolver-bootstrap-0" daemon [_thread_blocked, id=42243, stack(0x0000700007c83000,0x0000700007d83000)]
  0x00007fe623d06000 JavaThread "boundedElastic-evictor-1" daemon [_thread_blocked, id=42759, stack(0x0000700007b80000,0x0000700007c80000)]
  0x00007fe626016800 JavaThread "spring.cloud.inetutils" daemon [_thread_blocked, id=22027, stack(0x0000700007a7d000,0x0000700007b7d000)]
  0x00007fe61fbd3000 JavaThread "RMI TCP Accept-0" daemon [_thread_in_native, id=15875, stack(0x0000700007877000,0x0000700007977000)]
  0x00007fe61fbcb000 JavaThread "RMI TCP Accept-54832" daemon [_thread_in_native, id=16387, stack(0x0000700007774000,0x0000700007874000)]
  0x00007fe6219d8000 JavaThread "RMI TCP Accept-0" daemon [_thread_in_native, id=15107, stack(0x0000700007671000,0x0000700007771000)]
  0x00007fe61f84e800 JavaThread "Service Thread" daemon [_thread_blocked, id=16643, stack(0x000070000756e000,0x000070000766e000)]
  0x00007fe62087e000 JavaThread "C1 CompilerThread2" daemon [_thread_blocked, id=17155, stack(0x000070000746b000,0x000070000756b000)]
  0x00007fe61f84c000 JavaThread "C2 CompilerThread1" daemon [_thread_blocked, id=17667, stack(0x0000700007368000,0x0000700007468000)]
  0x00007fe620832800 JavaThread "C2 CompilerThread0" daemon [_thread_blocked, id=14595, stack(0x0000700007265000,0x0000700007365000)]
  0x00007fe621816000 JavaThread "Signal Dispatcher" daemon [_thread_blocked, id=14083, stack(0x0000700007162000,0x0000700007262000)]
  0x00007fe61f83c800 JavaThread "Finalizer" daemon [_thread_blocked, id=20739, stack(0x0000700006f59000,0x0000700007059000)]
  0x00007fe620811000 JavaThread "Reference Handler" daemon [_thread_blocked, id=11779, stack(0x0000700006e56000,0x0000700006f56000)]

Other Threads:
  0x00007fe621813800 VMThread [stack: 0x0000700006d53000,0x0000700006e53000] [id=11523]
  0x00007fe6219d3000 WatcherThread [stack: 0x000070000797a000,0x0000700007a7a000] [id=21763]

VM state:not at safepoint (normal execution)

VM Mutex/Monitor currently owned by a thread: None

heap address: 0x00000006c0000000, size: 4096 MB, Compressed Oops mode: Zero based, Oop shift amount: 3
Narrow klass base: 0x0000000000000000, Narrow klass shift: 3
Compressed class space size: 1073741824 Address: 0x00000007c0000000

Heap:
 PSYoungGen      total 151552K, used 91537K [0x000000076ab00000, 0x0000000775400000, 0x00000007c0000000)
  eden space 140800K, 57% used [0x000000076ab00000,0x000000076f9e5a78,0x0000000773480000)
  from space 10752K, 99% used [0x0000000774980000,0x00000007753feca8,0x0000000775400000)
  to   space 11776K, 0% used [0x0000000773d00000,0x0000000773d00000,0x0000000774880000)
 ParOldGen       total 161280K, used 12870K [0x00000006c0000000, 0x00000006c9d80000, 0x000000076ab00000)
  object space 161280K, 7% used [0x00000006c0000000,0x00000006c0c91880,0x00000006c9d80000)
 Metaspace       used 50432K, capacity 53408K, committed 53632K, reserved 1095680K
  class space    used 6939K, capacity 7490K, committed 7552K, reserved 1048576K

Card table byte_map: [0x0000000115800000,0x0000000116001000] byte_map_base: 0x0000000112200000

Marking Bits: (ParMarkBitMap*) 0x0000000103b3cc38
 Begin Bits: [0x0000000116557000, 0x000000011a557000)
 End Bits:   [0x000000011a557000, 0x000000011e557000)

Polling page: 0x0000000103e21000

CodeCache: size=245760Kb used=15083Kb max_used=15107Kb free=230676Kb
 bounds [0x0000000106800000, 0x00000001076d0000, 0x0000000115800000]
 total_blobs=4897 nmethods=4360 adapters=450
 compilation: enabled

Compilation events (10 events):
Event: 20.159 Thread 0x00007fe62087e000 4385       3       java.lang.invoke.InnerClassLambdaMetafactory::generateFactory (136 bytes)
Event: 20.161 Thread 0x00007fe62087e000 nmethod 4385 0x00000001076bbbd0 code [0x00000001076bbf60, 0x00000001076bdcc8]
Event: 20.162 Thread 0x00007fe61f84c000 nmethod 4382 0x00000001076af710 code [0x00000001076af880, 0x00000001076aff78]
Event: 20.162 Thread 0x00007fe61f84c000 4384       4       sun.misc.URLClassPath$JarLoader$2::getContentLength (9 bytes)
Event: 20.163 Thread 0x00007fe61f84c000 nmethod 4384 0x00000001076ba1d0 code [0x00000001076ba320, 0x00000001076ba398]
Event: 20.168 Thread 0x00007fe62087e000 4386       3       java.lang.invoke.MethodType::makeImpl (66 bytes)
Event: 20.169 Thread 0x00007fe62087e000 nmethod 4386 0x00000001076b1fd0 code [0x00000001076b21c0, 0x00000001076b2a28]
Event: 20.170 Thread 0x00007fe620832800 nmethod 4383 0x000000010691c450 code [0x000000010691c620, 0x000000010691cc68]
Event: 20.171 Thread 0x00007fe62087e000 4387       3       java.util.AbstractQueue::<init> (5 bytes)
Event: 20.171 Thread 0x00007fe62087e000 nmethod 4387 0x000000010697c650 code [0x000000010697c7c0, 0x000000010697c9d0]

GC Heap History (10 events):
Event: 2.034 GC heap before
{Heap before GC invocations=4 (full 1):
 PSYoungGen      total 76288K, used 65536K [0x000000076ab00000, 0x0000000774000000, 0x00000007c0000000)
  eden space 65536K, 100% used [0x000000076ab00000,0x000000076eb00000,0x000000076eb00000)
  from space 10752K, 0% used [0x000000076f580000,0x000000076f580000,0x0000000770000000)
  to   space 10752K, 0% used [0x000000076eb00000,0x000000076eb00000,0x000000076f580000)
 ParOldGen       total 105984K, used 9026K [0x00000006c0000000, 0x00000006c6780000, 0x000000076ab00000)
  object space 105984K, 8% used [0x00000006c0000000,0x00000006c08d0970,0x00000006c6780000)
 Metaspace       used 25888K, capacity 26908K, committed 27008K, reserved 1073152K
  class space    used 3385K, capacity 3630K, committed 3712K, reserved 1048576K
Event: 2.037 GC heap after
Heap after GC invocations=4 (full 1):
 PSYoungGen      total 76288K, used 8673K [0x000000076ab00000, 0x0000000771f80000, 0x00000007c0000000)
  eden space 65536K, 0% used [0x000000076ab00000,0x000000076ab00000,0x000000076eb00000)
  from space 10752K, 80% used [0x000000076eb00000,0x000000076f378630,0x000000076f580000)
  to   space 10752K, 0% used [0x0000000771500000,0x0000000771500000,0x0000000771f80000)
 ParOldGen       total 105984K, used 9034K [0x00000006c0000000, 0x00000006c6780000, 0x000000076ab00000)
  object space 105984K, 8% used [0x00000006c0000000,0x00000006c08d2970,0x00000006c6780000)
 Metaspace       used 25888K, capacity 26908K, committed 27008K, reserved 1073152K
  class space    used 3385K, capacity 3630K, committed 3712K, reserved 1048576K
}
Event: 2.671 GC heap before
{Heap before GC invocations=5 (full 1):
 PSYoungGen      total 76288K, used 74209K [0x000000076ab00000, 0x0000000771f80000, 0x00000007c0000000)
  eden space 65536K, 100% used [0x000000076ab00000,0x000000076eb00000,0x000000076eb00000)
  from space 10752K, 80% used [0x000000076eb00000,0x000000076f378630,0x000000076f580000)
  to   space 10752K, 0% used [0x0000000771500000,0x0000000771500000,0x0000000771f80000)
 ParOldGen       total 105984K, used 9034K [0x00000006c0000000, 0x00000006c6780000, 0x000000076ab00000)
  object space 105984K, 8% used [0x00000006c0000000,0x00000006c08d2970,0x00000006c6780000)
 Metaspace       used 32002K, capacity 33454K, committed 33792K, reserved 1079296K
  class space    used 4228K, capacity 4529K, committed 4608K, reserved 1048576K
Event: 2.682 GC heap after
Heap after GC invocations=5 (full 1):
 PSYoungGen      total 108544K, used 10376K [0x000000076ab00000, 0x0000000771f80000, 0x00000007c0000000)
  eden space 97792K, 0% used [0x000000076ab00000,0x000000076ab00000,0x0000000770a80000)
  from space 10752K, 96% used [0x0000000771500000,0x0000000771f222d0,0x0000000771f80000)
  to   space 10752K, 0% used [0x0000000770a80000,0x0000000770a80000,0x0000000771500000)
 ParOldGen       total 105984K, used 9042K [0x00000006c0000000, 0x00000006c6780000, 0x000000076ab00000)
  object space 105984K, 8% used [0x00000006c0000000,0x00000006c08d4970,0x00000006c6780000)
 Metaspace       used 32002K, capacity 33454K, committed 33792K, reserved 1079296K
  class space    used 4228K, capacity 4529K, committed 4608K, reserved 1048576K
}
Event: 2.953 GC heap before
{Heap before GC invocations=6 (full 1):
 PSYoungGen      total 108544K, used 42522K [0x000000076ab00000, 0x0000000771f80000, 0x00000007c0000000)
  eden space 97792K, 32% used [0x000000076ab00000,0x000000076ca646a8,0x0000000770a80000)
  from space 10752K, 96% used [0x0000000771500000,0x0000000771f222d0,0x0000000771f80000)
  to   space 10752K, 0% used [0x0000000770a80000,0x0000000770a80000,0x0000000771500000)
 ParOldGen       total 105984K, used 9042K [0x00000006c0000000, 0x00000006c6780000, 0x000000076ab00000)
  object space 105984K, 8% used [0x00000006c0000000,0x00000006c08d4970,0x00000006c6780000)
 Metaspace       used 33768K, capacity 35340K, committed 35496K, reserved 1079296K
  class space    used 4549K, capacity 4842K, committed 4864K, reserved 1048576K
Event: 2.962 GC heap after
Heap after GC invocations=6 (full 1):
 PSYoungGen      total 108544K, used 7964K [0x000000076ab00000, 0x0000000775400000, 0x00000007c0000000)
  eden space 97792K, 0% used [0x000000076ab00000,0x000000076ab00000,0x0000000770a80000)
  from space 10752K, 74% used [0x0000000770a80000,0x0000000771247118,0x0000000771500000)
  to   space 10752K, 0% used [0x0000000774980000,0x0000000774980000,0x0000000775400000)
 ParOldGen       total 105984K, used 9050K [0x00000006c0000000, 0x00000006c6780000, 0x000000076ab00000)
  object space 105984K, 8% used [0x00000006c0000000,0x00000006c08d6970,0x00000006c6780000)
 Metaspace       used 33768K, capacity 35340K, committed 35496K, reserved 1079296K
  class space    used 4549K, capacity 4842K, committed 4864K, reserved 1048576K
}
Event: 2.962 GC heap before
{Heap before GC invocations=7 (full 2):
 PSYoungGen      total 108544K, used 7964K [0x000000076ab00000, 0x0000000775400000, 0x00000007c0000000)
  eden space 97792K, 0% used [0x000000076ab00000,0x000000076ab00000,0x0000000770a80000)
  from space 10752K, 74% used [0x0000000770a80000,0x0000000771247118,0x0000000771500000)
  to   space 10752K, 0% used [0x0000000774980000,0x0000000774980000,0x0000000775400000)
 ParOldGen       total 105984K, used 9050K [0x00000006c0000000, 0x00000006c6780000, 0x000000076ab00000)
  object space 105984K, 8% used [0x00000006c0000000,0x00000006c08d6970,0x00000006c6780000)
 Metaspace       used 33768K, capacity 35340K, committed 35496K, reserved 1079296K
  class space    used 4549K, capacity 4842K, committed 4864K, reserved 1048576K
Event: 3.000 GC heap after
Heap after GC invocations=7 (full 2):
 PSYoungGen      total 108544K, used 0K [0x000000076ab00000, 0x0000000775400000, 0x00000007c0000000)
  eden space 97792K, 0% used [0x000000076ab00000,0x000000076ab00000,0x0000000770a80000)
  from space 10752K, 0% used [0x0000000770a80000,0x0000000770a80000,0x0000000771500000)
  to   space 10752K, 0% used [0x0000000774980000,0x0000000774980000,0x0000000775400000)
 ParOldGen       total 161280K, used 12538K [0x00000006c0000000, 0x00000006c9d80000, 0x000000076ab00000)
  object space 161280K, 7% used [0x00000006c0000000,0x00000006c0c3eb08,0x00000006c9d80000)
 Metaspace       used 33768K, capacity 35340K, committed 35496K, reserved 1079296K
  class space    used 4549K, capacity 4842K, committed 4864K, reserved 1048576K
}
Event: 4.061 GC heap before
{Heap before GC invocations=8 (full 2):
 PSYoungGen      total 108544K, used 97792K [0x000000076ab00000, 0x0000000775400000, 0x00000007c0000000)
  eden space 97792K, 100% used [0x000000076ab00000,0x0000000770a80000,0x0000000770a80000)
  from space 10752K, 0% used [0x0000000770a80000,0x0000000770a80000,0x0000000771500000)
  to   space 10752K, 0% used [0x0000000774980000,0x0000000774980000,0x0000000775400000)
 ParOldGen       total 161280K, used 12538K [0x00000006c0000000, 0x00000006c9d80000, 0x000000076ab00000)
  object space 161280K, 7% used [0x00000006c0000000,0x00000006c0c3eb08,0x00000006c9d80000)
 Metaspace       used 41750K, capacity 43988K, committed 44288K, reserved 1087488K
  class space    used 5669K, capacity 6102K, committed 6144K, reserved 1048576K
Event: 4.073 GC heap after
Heap after GC invocations=8 (full 2):
 PSYoungGen      total 151552K, used 10747K [0x000000076ab00000, 0x0000000775400000, 0x00000007c0000000)
  eden space 140800K, 0% used [0x000000076ab00000,0x000000076ab00000,0x0000000773480000)
  from space 10752K, 99% used [0x0000000774980000,0x00000007753feca8,0x0000000775400000)
  to   space 11776K, 0% used [0x0000000773d00000,0x0000000773d00000,0x0000000774880000)
 ParOldGen       total 161280K, used 12870K [0x00000006c0000000, 0x00000006c9d80000, 0x000000076ab00000)
  object space 161280K, 7% used [0x00000006c0000000,0x00000006c0c91880,0x00000006c9d80000)
 Metaspace       used 41750K, capacity 43988K, committed 44288K, reserved 1087488K
  class space    used 5669K, capacity 6102K, committed 6144K, reserved 1048576K
}

Deoptimization events (10 events):
Event: 19.795 Thread 0x00007fe61f9f6000 Uncommon trap: reason=unstable_if action=reinterpret pc=0x0000000106de5724 method=java.lang.CharacterDataLatin1.isWhitespace(I)Z @ 14
Event: 19.795 Thread 0x00007fe61f9f6000 Uncommon trap: reason=unstable_if action=reinterpret pc=0x0000000106b22260 method=java.lang.CharacterDataLatin1.isWhitespace(I)Z @ 14
Event: 19.869 Thread 0x00007fe61f9f6000 Uncommon trap: reason=unstable_if action=reinterpret pc=0x000000010712ae4c method=java.util.concurrent.ConcurrentMap.computeIfAbsent(Ljava/lang/Object;Ljava/util/function/Function;)Ljava/lang/Object; @ 27
Event: 19.951 Thread 0x00007fe61f9f6000 Uncommon trap: reason=bimorphic action=maybe_recompile pc=0x00000001072d6910 method=java.util.AbstractList$Itr.next()Ljava/lang/Object; @ 14
Event: 19.951 Thread 0x00007fe61f9f6000 Uncommon trap: reason=bimorphic action=maybe_recompile pc=0x00000001072d6910 method=java.util.AbstractList$Itr.next()Ljava/lang/Object; @ 14
Event: 19.951 Thread 0x00007fe61f9f6000 Uncommon trap: reason=bimorphic action=maybe_recompile pc=0x00000001072d6910 method=java.util.AbstractList$Itr.next()Ljava/lang/Object; @ 14
Event: 19.951 Thread 0x00007fe61f9f6000 Uncommon trap: reason=bimorphic action=maybe_recompile pc=0x00000001072d6910 method=java.util.AbstractList$Itr.next()Ljava/lang/Object; @ 14
Event: 19.952 Thread 0x00007fe61f9f6000 Uncommon trap: reason=unstable_if action=reinterpret pc=0x0000000106a5f404 method=java.lang.String.lastIndexOf([CII[CIII)I @ 118
Event: 20.098 Thread 0x00007fe61f9f6000 Uncommon trap: reason=unstable_if action=reinterpret pc=0x00000001076a4b24 method=java.lang.invoke.MethodType.checkPtypes([Ljava/lang/Class;)I @ 40
Event: 20.108 Thread 0x00007fe623dd5000 Uncommon trap: reason=predicate action=maybe_recompile pc=0x0000000106c60118 method=java.lang.String.regionMatches(ZILjava/lang/String;II)Z @ 63

Classes redefined (0 events):
No events

Internal exceptions (10 events):
Event: 4.410 Thread 0x00007fe620011800 Exception <a 'java/lang/NoSuchMethodError': java.lang.Object.lambda$static$0(Ljava/lang/Object;)Ljava/lang/Object;> (0x000000076ccaf120) thrown at [/private/tmp/openjdk-8-20210120-68895-h74pu2/jdk8u282-ga/hotspot/src/share/vm/interpreter/linkResolver.cpp,
Event: 4.479 Thread 0x00007fe620011800 Exception <a 'java/lang/UnsatisfiedLinkError': io.netty.channel.epoll.Native.offsetofEpollData()I> (0x000000076d161f40) thrown at [/private/tmp/openjdk-8-20210120-68895-h74pu2/jdk8u282-ga/hotspot/src/share/vm/prims/nativeLookup.cpp, line 506]
Event: 4.480 Thread 0x00007fe620011800 Exception <a 'java/lang/ExceptionInInitializerError'> (0x000000076d162990) thrown at [/private/tmp/openjdk-8-20210120-68895-h74pu2/jdk8u282-ga/hotspot/src/share/vm/oops/instanceKlass.cpp, line 969]
Event: 19.855 Thread 0x00007fe61f9f6000 Exception <a 'java/lang/NoSuchMethodError': java.lang.Object.lambda$getRequiredAttribute$0(Ljava/lang/String;)Ljava/lang/String;> (0x000000076e76ad68) thrown at [/private/tmp/openjdk-8-20210120-68895-h74pu2/jdk8u282-ga/hotspot/src/share/vm/interpreter/lin
Event: 19.879 Thread 0x00007fe61f9f6000 Exception <a 'java/lang/ArrayStoreException'> (0x000000076e938948) thrown at [/private/tmp/openjdk-8-20210120-68895-h74pu2/jdk8u282-ga/hotspot/src/share/vm/runtime/sharedRuntime.cpp, line 605]
Event: 19.911 Thread 0x00007fe61f9f6000 Exception <a 'java/lang/NoSuchMethodError': java.lang.Object.lambda$onCacheMissResume$0(Lreactor/core/publisher/Flux;)Lreactor/core/publisher/Flux;> (0x000000076ebc4710) thrown at [/private/tmp/openjdk-8-20210120-68895-h74pu2/jdk8u282-ga/hotspot/src/share
Event: 19.949 Thread 0x00007fe61f9f6000 Exception <a 'java/lang/NoSuchMethodError': java.lang.Object.lambda$filter$0(Lorg/springframework/cloud/gateway/filter/headers/HttpHeadersFilter$Type;Lorg/springframework/cloud/gateway/filter/headers/HttpHeadersFilter;)Z> (0x000000076ee13750) thrown at [/
Event: 19.949 Thread 0x00007fe61f9f6000 Exception <a 'java/lang/NoSuchMethodError': java.lang.Object.lambda$filter$1(Lorg/springframework/web/server/ServerWebExchange;Lorg/springframework/http/HttpHeaders;Lorg/springframework/cloud/gateway/filter/headers/HttpHeadersFilter;)Lorg/springframework/
Event: 19.949 Thread 0x00007fe61f9f6000 Exception <a 'java/lang/NoSuchMethodError': java.lang.Object.lambda$filter$2(Lorg/springframework/http/HttpHeaders;Lorg/springframework/http/HttpHeaders;)Lorg/springframework/http/HttpHeaders;> (0x000000076ee1e3c0) thrown at [/private/tmp/openjdk-8-202101
Event: 20.011 Thread 0x00007fe61f9f6000 Exception <a 'java/lang/reflect/InvocationTargetException'> (0x000000076f3a3408) thrown at [/private/tmp/openjdk-8-20210120-68895-h74pu2/jdk8u282-ga/hotspot/src/share/vm/runtime/reflection.cpp, line 1092]

Events (10 events):
Event: 20.169 loading class reactor/netty/channel/FluxReceive
Event: 20.169 loading class reactor/netty/channel/FluxReceive done
Event: 20.170 loading class io/netty/handler/codec/http/DefaultFullHttpRequest
Event: 20.170 loading class io/netty/handler/codec/http/DefaultFullHttpRequest done
Event: 20.170 Thread 0x00007fe620832800 flushing nmethod 0x000000010699a0d0
Event: 20.170 Thread 0x00007fe620832800 flushing nmethod 0x00000001069b0d90
Event: 20.170 loading class io/netty/channel/AbstractChannelHandlerContext$WriteTask
Event: 20.170 loading class io/netty/channel/AbstractChannelHandlerContext$WriteTask done
Event: 20.171 loading class io/netty/channel/AbstractChannelHandlerContext$WriteTask$1
Event: 20.171 loading class io/netty/channel/AbstractChannelHandlerContext$WriteTask$1 done


Dynamic libraries:
0x00007fff351ee000 	/System/Library/Frameworks/Cocoa.framework/Versions/A/Cocoa
0x00007fff22413000 	/System/Library/Frameworks/Security.framework/Versions/A/Security
0x00007fff333eb000 	/System/Library/Frameworks/ApplicationServices.framework/Versions/A/ApplicationServices
0x00007fff2a69c000 	/usr/lib/libz.1.dylib
0x00007fff2a764000 	/usr/lib/libSystem.B.dylib
0x00007fff205d9000 	/System/Library/Frameworks/CoreFoundation.framework/Versions/A/CoreFoundation
0x00007fff21386000 	/System/Library/Frameworks/Foundation.framework/Versions/C/Foundation
0x00007fff203f9000 	/usr/lib/libobjc.A.dylib
0x00007fff22e3a000 	/System/Library/Frameworks/AppKit.framework/Versions/C/AppKit
0x00007fff25cd2000 	/System/Library/Frameworks/CoreData.framework/Versions/A/CoreData
0x00007fff23b9d000 	/System/Library/PrivateFrameworks/UIFoundation.framework/Versions/A/UIFoundation
0x00007fff2fdca000 	/System/Library/PrivateFrameworks/RemoteViewServices.framework/Versions/A/RemoteViewServices
0x00007fff28bc3000 	/System/Library/PrivateFrameworks/XCTTargetBootstrap.framework/Versions/A/XCTTargetBootstrap
0x00007fff2b8a4000 	/usr/lib/libspindump.dylib
0x00007fff23df2000 	/System/Library/Frameworks/UniformTypeIdentifiers.framework/Versions/A/UniformTypeIdentifiers
0x00007fff27399000 	/usr/lib/libapp_launch_measurement.dylib
0x00007fff2739c000 	/System/Library/PrivateFrameworks/CoreAutoLayout.framework/Versions/A/CoreAutoLayout
0x00007fff28525000 	/System/Library/Frameworks/Metal.framework/Versions/A/Metal
0x00007fff29215000 	/usr/lib/liblangid.dylib
0x00007fff28bc7000 	/System/Library/PrivateFrameworks/CoreSVG.framework/Versions/A/CoreSVG
0x00007fff24dd9000 	/System/Library/PrivateFrameworks/SkyLight.framework/Versions/A/SkyLight
0x00007fff25140000 	/System/Library/Frameworks/CoreGraphics.framework/Versions/A/CoreGraphics
0x00007fff30421000 	/System/Library/Frameworks/Accelerate.framework/Versions/A/Accelerate
0x00007fff2b2df000 	/System/Library/PrivateFrameworks/IconServices.framework/Versions/A/IconServices
0x00007fff2850a000 	/System/Library/Frameworks/IOSurface.framework/Versions/A/IOSurface
0x00007fff2665b000 	/usr/lib/libDiagnosticMessagesClient.dylib
0x00007fff28baf000 	/System/Library/PrivateFrameworks/DFRFoundation.framework/Versions/A/DFRFoundation
0x00007fff22765000 	/usr/lib/libicucore.A.dylib
0x00007fff2cdeb000 	/System/Library/Frameworks/AudioToolbox.framework/Versions/A/AudioToolbox
0x00007fff2c090000 	/System/Library/PrivateFrameworks/DataDetectorsCore.framework/Versions/A/DataDetectorsCore
0x00007fff288af000 	/System/Library/Frameworks/Carbon.framework/Versions/A/Frameworks/HIToolbox.framework/Versions/A/HIToolbox
0x00007fff26df4000 	/System/Library/Frameworks/QuartzCore.framework/Versions/A/QuartzCore
0x00007fff2fe06000 	/System/Library/Frameworks/Carbon.framework/Versions/A/Frameworks/SpeechRecognition.framework/Versions/A/SpeechRecognition
0x00007fff27101000 	/System/Library/PrivateFrameworks/CoreUI.framework/Versions/A/CoreUI
0x00007fff21d6e000 	/System/Library/Frameworks/CoreAudio.framework/Versions/A/CoreAudio
0x00007fff26746000 	/System/Library/Frameworks/DiskArbitration.framework/Versions/A/DiskArbitration
0x00007fff2bc9f000 	/System/Library/PrivateFrameworks/MultitouchSupport.framework/Versions/A/MultitouchSupport
0x00007fff2c087000 	/System/Library/PrivateFrameworks/InternationalSupport.framework/Versions/A/InternationalSupport
0x00007fff24d4d000 	/usr/lib/libenergytrace.dylib
0x00007fff22d33000 	/System/Library/Frameworks/IOKit.framework/Versions/A/IOKit
0x00007fff30153000 	/System/Library/Frameworks/CoreServices.framework/Versions/A/CoreServices
0x00007fff2732f000 	/System/Library/PrivateFrameworks/PerformanceAnalysis.framework/Versions/A/PerformanceAnalysis
0x00007fff6cabd000 	/System/Library/Frameworks/OpenGL.framework/Versions/A/OpenGL
0x00007fff2c10c000 	/System/Library/PrivateFrameworks/UserActivity.framework/Versions/A/UserActivity
0x00007fff257d4000 	/System/Library/Frameworks/ColorSync.framework/Versions/A/ColorSync
0x00007fff28e2c000 	/System/Library/Frameworks/CoreImage.framework/Versions/A/CoreImage
0x00007fff21b85000 	/System/Library/Frameworks/CoreText.framework/Versions/A/CoreText
0x00007fff28bf1000 	/System/Library/Frameworks/ImageIO.framework/Versions/A/ImageIO
0x00007fff2a76a000 	/System/Library/PrivateFrameworks/SoftLinking.framework/Versions/A/SoftLinking
0x00007fff273e5000 	/usr/lib/libxml2.2.dylib
0x00007fff204be000 	/usr/lib/libc++.1.dylib
0x00007fff2a9dc000 	/usr/lib/libcompression.dylib
0x00007fff24d4e000 	/usr/lib/libMobileGestalt.dylib
0x00007fff2bfba000 	/System/Library/PrivateFrameworks/TextureIO.framework/Versions/A/TextureIO
0x00007fff2b002000 	/usr/lib/libate.dylib
0x00007fff2a75e000 	/usr/lib/system/libcache.dylib
0x00007fff2a71a000 	/usr/lib/system/libcommonCrypto.dylib
0x00007fff2a744000 	/usr/lib/system/libcompiler_rt.dylib
0x00007fff2a739000 	/usr/lib/system/libcopyfile.dylib
0x00007fff202e7000 	/usr/lib/system/libcorecrypto.dylib
0x00007fff203b4000 	/usr/lib/system/libdispatch.dylib
0x00007fff20568000 	/usr/lib/system/libdyld.dylib
0x00007fff2a755000 	/usr/lib/system/libkeymgr.dylib
0x00007fff2db9d000 	/usr/lib/system/liblaunch.dylib
0x00007fff2a6f8000 	/usr/lib/system/libmacho.dylib
0x00007fff29f12000 	/usr/lib/system/libquarantine.dylib
0x00007fff2a752000 	/usr/lib/system/libremovefile.dylib
0x00007fff24daa000 	/usr/lib/system/libsystem_asl.dylib
0x00007fff20297000 	/usr/lib/system/libsystem_blocks.dylib
0x00007fff20435000 	/usr/lib/system/libsystem_c.dylib
0x00007fff2a74c000 	/usr/lib/system/libsystem_collections.dylib
0x00007fff29206000 	/usr/lib/system/libsystem_configuration.dylib
0x00007fff284f9000 	/usr/lib/system/libsystem_containermanager.dylib
0x00007fff2a494000 	/usr/lib/system/libsystem_coreservices.dylib
0x00007fff229c7000 	/usr/lib/system/libsystem_darwin.dylib
0x00007fff2a756000 	/usr/lib/system/libsystem_dnssd.dylib
0x00007fff20432000 	/usr/lib/system/libsystem_featureflags.dylib
0x00007fff205ad000 	/usr/lib/system/libsystem_info.dylib
0x00007fff2a6af000 	/usr/lib/system/libsystem_m.dylib
0x00007fff20387000 	/usr/lib/system/libsystem_malloc.dylib
0x00007fff24d3e000 	/usr/lib/system/libsystem_networkextension.dylib
0x00007fff22de2000 	/usr/lib/system/libsystem_notify.dylib
0x00007fff30051000 	/usr/lib/system/libsystem_product_info_filter.dylib
0x00007fff2920a000 	/usr/lib/system/libsystem_sandbox.dylib
0x00007fff2a74f000 	/usr/lib/system/libsystem_secinit.dylib
0x00007fff2052d000 	/usr/lib/system/libsystem_kernel.dylib
0x00007fff205a3000 	/usr/lib/system/libsystem_platform.dylib
0x00007fff2055c000 	/usr/lib/system/libsystem_pthread.dylib
0x00007fff264a9000 	/usr/lib/system/libsystem_symptoms.dylib
0x00007fff202cf000 	/usr/lib/system/libsystem_trace.dylib
0x00007fff2a726000 	/usr/lib/system/libunwind.dylib
0x00007fff20299000 	/usr/lib/system/libxpc.dylib
0x00007fff20514000 	/usr/lib/libc++abi.dylib
0x00007fff2a731000 	/usr/lib/liboah.dylib
0x00007fff2ade7000 	/usr/lib/liblzma.5.dylib
0x00007fff2109a000 	/System/Library/Frameworks/SystemConfiguration.framework/Versions/A/SystemConfiguration
0x00007fff2a766000 	/usr/lib/libfakelink.dylib
0x00007fff248a0000 	/System/Library/Frameworks/CFNetwork.framework/Versions/A/CFNetwork
0x00007fff2a8a6000 	/usr/lib/libarchive.2.dylib
0x00007fff21118000 	/usr/lib/libCRFSuite.dylib
0x00007fff29f39000 	/usr/lib/libbsm.0.dylib
0x00007fff2425c000 	/usr/lib/libnetwork.dylib
0x00007fff2a76b000 	/usr/lib/libpcap.A.dylib
0x00007fff264a2000 	/usr/lib/libdns_services.dylib
0x00007fff2ae00000 	/usr/lib/libcoretls_cfhelpers.dylib
0x00007fff2a9aa000 	/usr/lib/libapple_nghttp2.dylib
0x00007fff2a6fe000 	/usr/lib/system/libkxld.dylib
0x00007fff26108000 	/usr/lib/libsqlite3.dylib
0x00007fff2a476000 	/System/Library/PrivateFrameworks/AppleFSCompression.framework/Versions/A/AppleFSCompression
0x00007fff29f21000 	/usr/lib/libcoretls.dylib
0x00007fff2a9d7000 	/usr/lib/libpam.2.dylib
0x00007fff2aefd000 	/usr/lib/libxar.1.dylib
0x00007fff29211000 	/System/Library/PrivateFrameworks/AppleSystemInfo.framework/Versions/A/AppleSystemInfo
0x00007fff29b64000 	/System/Library/PrivateFrameworks/IOMobileFramebuffer.framework/Versions/A/IOMobileFramebuffer
0x00007fff2a486000 	/usr/lib/libbz2.1.0.dylib
0x00007fff2a7a3000 	/usr/lib/libiconv.2.dylib
0x00007fff2a6f7000 	/usr/lib/libcharset.1.dylib
0x00007fff2736b000 	/System/Library/Frameworks/CoreServices.framework/Versions/A/Frameworks/FSEvents.framework/Versions/A/FSEvents
0x00007fff229d1000 	/System/Library/Frameworks/CoreServices.framework/Versions/A/Frameworks/CarbonCore.framework/Versions/A/CarbonCore
0x00007fff266ab000 	/System/Library/Frameworks/CoreServices.framework/Versions/A/Frameworks/Metadata.framework/Versions/A/Metadata
0x00007fff2a499000 	/System/Library/Frameworks/CoreServices.framework/Versions/A/Frameworks/OSServices.framework/Versions/A/OSServices
0x00007fff2a918000 	/System/Library/Frameworks/CoreServices.framework/Versions/A/Frameworks/SearchKit.framework/Versions/A/SearchKit
0x00007fff2642c000 	/System/Library/Frameworks/CoreServices.framework/Versions/A/Frameworks/AE.framework/Versions/A/AE
0x00007fff20a75000 	/System/Library/Frameworks/CoreServices.framework/Versions/A/Frameworks/LaunchServices.framework/Versions/A/LaunchServices
0x00007fff2ad98000 	/System/Library/Frameworks/CoreServices.framework/Versions/A/Frameworks/DictionaryServices.framework/Versions/A/DictionaryServices
0x00007fff27374000 	/System/Library/Frameworks/CoreServices.framework/Versions/A/Frameworks/SharedFileList.framework/Versions/A/SharedFileList
0x00007fff29f15000 	/usr/lib/libCheckFix.dylib
0x00007fff24dc1000 	/System/Library/PrivateFrameworks/TCC.framework/Versions/A/TCC
0x00007fff29217000 	/System/Library/PrivateFrameworks/CoreNLP.framework/Versions/A/CoreNLP
0x00007fff2665e000 	/System/Library/PrivateFrameworks/MetadataUtilities.framework/Versions/A/MetadataUtilities
0x00007fff2114e000 	/usr/lib/libmecabra.dylib
0x00007fff2a228000 	/System/Library/Frameworks/MLCompute.framework/Versions/A/MLCompute
0x00007fff29f4a000 	/usr/lib/libmecab.dylib
0x00007fff29f94000 	/usr/lib/libgermantok.dylib
0x00007fff2a980000 	/usr/lib/libThaiTokenizer.dylib
0x00007fff2af38000 	/usr/lib/libChineseTokenizer.dylib
0x00007fff2a9d5000 	/System/Library/Frameworks/MetalPerformanceShaders.framework/Versions/A/MetalPerformanceShaders
0x00007fff2674d000 	/System/Library/Frameworks/Accelerate.framework/Versions/A/Frameworks/vImage.framework/Versions/A/vImage
0x00007fff3012c000 	/System/Library/Frameworks/Accelerate.framework/Versions/A/Frameworks/vecLib.framework/Versions/A/vecLib
0x00007fff2af43000 	/System/Library/Frameworks/Accelerate.framework/Versions/A/Frameworks/vecLib.framework/Versions/A/libvMisc.dylib
0x00007fff2997d000 	/System/Library/Frameworks/Accelerate.framework/Versions/A/Frameworks/vecLib.framework/Versions/A/libvDSP.dylib
0x00007fff20d79000 	/System/Library/Frameworks/Accelerate.framework/Versions/A/Frameworks/vecLib.framework/Versions/A/libBLAS.dylib
0x00007fff2a9fb000 	/System/Library/Frameworks/Accelerate.framework/Versions/A/Frameworks/vecLib.framework/Versions/A/libLAPACK.dylib
0x00007fff29f9a000 	/System/Library/Frameworks/Accelerate.framework/Versions/A/Frameworks/vecLib.framework/Versions/A/libLinearAlgebra.dylib
0x00007fff2a9c2000 	/System/Library/Frameworks/Accelerate.framework/Versions/A/Frameworks/vecLib.framework/Versions/A/libSparseBLAS.dylib
0x00007fff2a9f5000 	/System/Library/Frameworks/Accelerate.framework/Versions/A/Frameworks/vecLib.framework/Versions/A/libQuadrature.dylib
0x00007fff292bf000 	/System/Library/Frameworks/Accelerate.framework/Versions/A/Frameworks/vecLib.framework/Versions/A/libBNNS.dylib
0x00007fff2102b000 	/System/Library/Frameworks/Accelerate.framework/Versions/A/Frameworks/vecLib.framework/Versions/A/libSparse.dylib
0x00007fff291aa000 	/System/Library/Frameworks/MetalPerformanceShaders.framework/Versions/A/Frameworks/MPSCore.framework/Versions/A/MPSCore
0x00007fff2a3e5000 	/System/Library/Frameworks/MetalPerformanceShaders.framework/Versions/A/Frameworks/MPSImage.framework/Versions/A/MPSImage
0x00007fff29fb0000 	/System/Library/Frameworks/MetalPerformanceShaders.framework/Versions/A/Frameworks/MPSNeuralNetwork.framework/Versions/A/MPSNeuralNetwork
0x00007fff2a370000 	/System/Library/Frameworks/MetalPerformanceShaders.framework/Versions/A/Frameworks/MPSMatrix.framework/Versions/A/MPSMatrix
0x00007fff2a1d8000 	/System/Library/Frameworks/MetalPerformanceShaders.framework/Versions/A/Frameworks/MPSRayIntersector.framework/Versions/A/MPSRayIntersector
0x00007fff2a3a7000 	/System/Library/Frameworks/MetalPerformanceShaders.framework/Versions/A/Frameworks/MPSNDArray.framework/Versions/A/MPSNDArray
0x00007fff20ca5000 	/System/Library/PrivateFrameworks/MetalTools.framework/Versions/A/MetalTools
0x00007fff2920f000 	/System/Library/PrivateFrameworks/AggregateDictionary.framework/Versions/A/AggregateDictionary
0x00007fff26636000 	/System/Library/PrivateFrameworks/CoreAnalytics.framework/Versions/A/CoreAnalytics
0x00007fff2a982000 	/System/Library/PrivateFrameworks/AppleSauce.framework/Versions/A/AppleSauce
0x00007fff2851c000 	/System/Library/PrivateFrameworks/IOAccelerator.framework/Versions/A/IOAccelerator
0x00007fff6cab1000 	/System/Library/Frameworks/OpenGL.framework/Versions/A/Libraries/libCoreFSCache.dylib
0x00007fff216ea000 	/System/Library/PrivateFrameworks/LanguageModeling.framework/Versions/A/LanguageModeling
0x00007fff29b51000 	/System/Library/PrivateFrameworks/CoreEmoji.framework/Versions/A/CoreEmoji
0x00007fff292b8000 	/System/Library/PrivateFrameworks/LinguisticData.framework/Versions/A/LinguisticData
0x00007fff20fdd000 	/System/Library/PrivateFrameworks/Lexicon.framework/Versions/A/Lexicon
0x00007fff2a894000 	/usr/lib/libcmph.dylib
0x00007fff2734b000 	/System/Library/Frameworks/OpenDirectory.framework/Versions/A/Frameworks/CFOpenDirectory.framework/Versions/A/CFOpenDirectory
0x00007fff2733b000 	/System/Library/Frameworks/OpenDirectory.framework/Versions/A/OpenDirectory
0x00007fff2ae02000 	/System/Library/PrivateFrameworks/APFS.framework/Versions/A/APFS
0x00007fff29e76000 	/System/Library/Frameworks/SecurityFoundation.framework/Versions/A/SecurityFoundation
0x00007fff2af0b000 	/usr/lib/libutil.dylib
0x00007fff22cf8000 	/System/Library/PrivateFrameworks/CoreServicesStore.framework/Versions/A/CoreServicesStore
0x00007fff29f0d000 	/System/Library/Frameworks/ServiceManagement.framework/Versions/A/ServiceManagement
0x00007fff2af0f000 	/usr/lib/libxslt.1.dylib
0x00007fff29f03000 	/System/Library/PrivateFrameworks/BackgroundTaskManagement.framework/Versions/A/BackgroundTaskManagement
0x00007fff2bf04000 	/System/Library/Frameworks/ImageIO.framework/Versions/A/Resources/libRadiance.dylib
0x00007fff2bf0e000 	/System/Library/Frameworks/ImageIO.framework/Versions/A/Resources/libJPEG.dylib
0x00007fff2be59000 	/System/Library/Frameworks/ImageIO.framework/Versions/A/Resources/libPng.dylib
0x00007fff2be80000 	/System/Library/Frameworks/ImageIO.framework/Versions/A/Resources/libTIFF.dylib
0x00007fff2bf63000 	/System/Library/Frameworks/ImageIO.framework/Versions/A/Resources/libGIF.dylib
0x00007fff2bbbc000 	/System/Library/Frameworks/ImageIO.framework/Versions/A/Resources/libJP2.dylib
0x00007fff2b2a6000 	/usr/lib/libexpat.1.dylib
0x00007fff2bb71000 	/System/Library/PrivateFrameworks/AppleJPEG.framework/Versions/A/AppleJPEG
0x00007fff28752000 	/System/Library/PrivateFrameworks/FontServices.framework/libFontParser.dylib
0x00007fff263e0000 	/System/Library/PrivateFrameworks/RunningBoardServices.framework/Versions/A/RunningBoardServices
0x00007fff2bc9b000 	/System/Library/PrivateFrameworks/WatchdogClient.framework/Versions/A/WatchdogClient
0x00007fff217d7000 	/System/Library/Frameworks/CoreDisplay.framework/Versions/A/CoreDisplay
0x00007fff28668000 	/System/Library/Frameworks/CoreMedia.framework/Versions/A/CoreMedia
0x00007fff274c8000 	/System/Library/Frameworks/CoreVideo.framework/Versions/A/CoreVideo
0x00007fff2bcd3000 	/System/Library/Frameworks/VideoToolbox.framework/Versions/A/VideoToolbox
0x00007fff2635e000 	/System/Library/PrivateFrameworks/BaseBoard.framework/Versions/A/BaseBoard
0x00007fff2b3eb000 	/System/Library/PrivateFrameworks/PersistentConnection.framework/Versions/A/PersistentConnection
0x00007fff260f1000 	/System/Library/PrivateFrameworks/ProtocolBuffer.framework/Versions/A/ProtocolBuffer
0x00007fff26345000 	/System/Library/PrivateFrameworks/CommonUtilities.framework/Versions/A/CommonUtilities
0x00007fff2bb06000 	/System/Library/PrivateFrameworks/Bom.framework/Versions/A/Bom
0x00007fff2befd000 	/System/Library/PrivateFrameworks/GPUWrangler.framework/Versions/A/GPUWrangler
0x00007fff2bee0000 	/System/Library/PrivateFrameworks/IOPresentment.framework/Versions/A/IOPresentment
0x00007fff2bf08000 	/System/Library/PrivateFrameworks/DSExternalDisplay.framework/Versions/A/DSExternalDisplay
0x00007fff2bf68000 	/System/Library/PrivateFrameworks/CMCaptureCore.framework/Versions/A/CMCaptureCore
0x00007fff2b88b000 	/System/Library/PrivateFrameworks/AppServerSupport.framework/Versions/A/AppServerSupport
0x00007fff2d93c000 	/System/Library/PrivateFrameworks/perfdata.framework/Versions/A/perfdata
0x00007fff29e65000 	/System/Library/PrivateFrameworks/AssertionServices.framework/Versions/A/AssertionServices
0x00007fff2190e000 	/System/Library/PrivateFrameworks/AudioToolboxCore.framework/Versions/A/AudioToolboxCore
0x00007fff2864b000 	/System/Library/PrivateFrameworks/caulk.framework/Versions/A/caulk
0x00007fff3d5e7000 	/System/Library/PrivateFrameworks/SystemPolicy.framework/Versions/A/SystemPolicy
0x00007fff2b09b000 	/usr/lib/libIOReport.dylib
0x00007fff2d15e000 	/usr/lib/libSMC.dylib
0x00007fff2be26000 	/usr/lib/libAudioToolboxUtility.dylib
0x00007fff3df51000 	/usr/lib/libmis.dylib
0x00007fff6cb0d000 	/System/Library/Frameworks/OpenGL.framework/Versions/A/Libraries/libGLU.dylib
0x00007fff6cad0000 	/System/Library/Frameworks/OpenGL.framework/Versions/A/Libraries/libGFXShared.dylib
0x00007fff6ccdf000 	/System/Library/Frameworks/OpenGL.framework/Versions/A/Libraries/libGL.dylib
0x00007fff6cad9000 	/System/Library/Frameworks/OpenGL.framework/Versions/A/Libraries/libGLImage.dylib
0x00007fff6cacd000 	/System/Library/Frameworks/OpenGL.framework/Versions/A/Libraries/libCVMSPluginSupport.dylib
0x00007fff6cab8000 	/System/Library/Frameworks/OpenGL.framework/Versions/A/Libraries/libCoreVMClient.dylib
0x00007fff6e120000 	/System/Library/Frameworks/OpenCL.framework/Versions/A/OpenCL
0x00007fff2b415000 	/System/Library/PrivateFrameworks/GraphVisualizer.framework/Versions/A/GraphVisualizer
0x00007fff2b424000 	/System/Library/PrivateFrameworks/FaceCore.framework/Versions/A/FaceCore
0x00007fff2b840000 	/System/Library/PrivateFrameworks/OTSVG.framework/Versions/A/OTSVG
0x00007fff270bf000 	/System/Library/Frameworks/ApplicationServices.framework/Versions/A/Frameworks/ATS.framework/Versions/A/Resources/libFontRegistry.dylib
0x00007fff2b892000 	/System/Library/PrivateFrameworks/FontServices.framework/libhvf.dylib
0x00007fff2b252000 	/System/Library/PrivateFrameworks/AppleVA.framework/Versions/A/AppleVA
0x00007fff2cfa7000 	/System/Library/Frameworks/ApplicationServices.framework/Versions/A/Frameworks/ATS.framework/Versions/A/ATS
0x00007fff2d2b9000 	/System/Library/Frameworks/ApplicationServices.framework/Versions/A/Frameworks/ColorSyncLegacy.framework/Versions/A/ColorSyncLegacy
0x00007fff258cb000 	/System/Library/Frameworks/ApplicationServices.framework/Versions/A/Frameworks/HIServices.framework/Versions/A/HIServices
0x00007fff2d29e000 	/System/Library/Frameworks/ApplicationServices.framework/Versions/A/Frameworks/LangAnalysis.framework/Versions/A/LangAnalysis
0x00007fff2bf72000 	/System/Library/Frameworks/ApplicationServices.framework/Versions/A/Frameworks/PrintCore.framework/Versions/A/PrintCore
0x00007fff2d2c1000 	/System/Library/Frameworks/ApplicationServices.framework/Versions/A/Frameworks/QD.framework/Versions/A/QD
0x00007fff2cf97000 	/System/Library/Frameworks/ApplicationServices.framework/Versions/A/Frameworks/SpeechSynthesis.framework/Versions/A/SpeechSynthesis
0x00007fff2bf33000 	/System/Library/Frameworks/ApplicationServices.framework/Versions/A/Frameworks/ATSUI.framework/Versions/A/ATSUI
0x00007fff2d23e000 	/usr/lib/libcups.2.dylib
0x00007fff2d2ae000 	/System/Library/PrivateFrameworks/NetAuth.framework/Versions/A/NetAuth
0x00007fff2d958000 	/System/Library/Frameworks/Kerberos.framework/Versions/A/Kerberos
0x00007fff2d968000 	/System/Library/Frameworks/GSS.framework/Versions/A/GSS
0x00007fff2d013000 	/usr/lib/libresolv.9.dylib
0x00007fff2b8a7000 	/System/Library/PrivateFrameworks/Heimdal.framework/Versions/A/Heimdal
0x00007fff336ec000 	/System/Library/Frameworks/Kerberos.framework/Versions/A/Libraries/libHeimdalProxy.dylib
0x00007fff264b1000 	/System/Library/Frameworks/Network.framework/Versions/A/Network
0x00007fff2b2c0000 	/usr/lib/libheimdal-asn1.dylib
0x00007fff2d9b8000 	/System/Library/PrivateFrameworks/CommonAuth.framework/Versions/A/CommonAuth
0x00007fff27515000 	/System/Library/PrivateFrameworks/login.framework/Versions/A/Frameworks/loginsupport.framework/Versions/A/loginsupport
0x00007fff2cf1c000 	/System/Library/PrivateFrameworks/AudioSession.framework/Versions/A/AudioSession
0x00007fff2cf84000 	/usr/lib/libAudioStatistics.dylib
0x00007fff2b34d000 	/System/Library/PrivateFrameworks/MediaExperience.framework/Versions/A/MediaExperience
0x00007fff2cdb9000 	/System/Library/PrivateFrameworks/AudioSession.framework/libSessionUtility.dylib
0x00007fff2d949000 	/usr/lib/libperfcheck.dylib
0x00007fff2d2cd000 	/System/Library/PrivateFrameworks/AudioResourceArbitration.framework/Versions/A/AudioResourceArbitration
0x00007fff2b2ca000 	/System/Library/PrivateFrameworks/IconFoundation.framework/Versions/A/IconFoundation
0x00007fff2fdf6000 	/System/Library/PrivateFrameworks/SpeechRecognitionCore.framework/Versions/A/SpeechRecognitionCore
0x000000010343d000 	/usr/local/Cellar/openjdk@8/1.8.0+282/libexec/openjdk.jdk/Contents/Home/jre/lib/server/libjvm.dylib
0x0000000103ddd000 	/usr/local/Cellar/openjdk@8/1.8.0+282/libexec/openjdk.jdk/Contents/Home/jre/lib/libverify.dylib
0x0000000103df1000 	/usr/local/Cellar/openjdk@8/1.8.0+282/libexec/openjdk.jdk/Contents/Home/jre/lib/libjava.dylib
0x0000000103e6b000 	/usr/local/Cellar/openjdk@8/1.8.0+282/libexec/openjdk.jdk/Contents/Home/jre/lib/libzip.dylib
0x00000001042b2000 	/usr/local/Cellar/openjdk@8/1.8.0+282/libexec/openjdk.jdk/Contents/Home/jre/lib/libmanagement.dylib
0x00000001045c0000 	/usr/local/Cellar/openjdk@8/1.8.0+282/libexec/openjdk.jdk/Contents/Home/jre/lib/libnet.dylib
0x00000001045dc000 	/usr/local/Cellar/openjdk@8/1.8.0+282/libexec/openjdk.jdk/Contents/Home/jre/lib/libnio.dylib
0x0000000122ea3000 	/usr/local/Cellar/openjdk@8/1.8.0+282/libexec/openjdk.jdk/Contents/Home/jre/lib/libsunec.dylib
0x00000001236d1000 	/private/var/folders/pv/nf5h_4y15rldx0jvvl7yzv_c0000gp/T/libnetty_resolver_dns_native_macos_x86_646544212794485199712.dylib

VM Arguments:
jvm_args: -Dcom.sun.management.jmxremote -Dcom.sun.management.jmxremote.port=54832 -Dcom.sun.management.jmxremote.authenticate=false -Dcom.sun.management.jmxremote.ssl=false -Djava.rmi.server.hostname=localhost -Dspring.application.admin.enabled=true -Dspring.jmx.enabled=true -Dfile.encoding=UTF-8 
java_command: com.ithongchai.apigateway.ApigatewayApplication
java_class_path (initial): /Users/Thongchai/MyProject/practice-java/udemy-spring-cloud/apigateway/target/classes:/Users/Thongchai/.m2/repository/org/springframework/boot/spring-boot-starter-webflux/2.4.4/spring-boot-starter-webflux-2.4.4.jar:/Users/Thongchai/.m2/repository/org/springframework/boot/spring-boot-starter/2.4.4/spring-boot-starter-2.4.4.jar:/Users/Thongchai/.m2/repository/org/springframework/boot/spring-boot/2.4.4/spring-boot-2.4.4.jar:/Users/Thongchai/.m2/repository/org/springframework/spring-context/5.3.5/spring-context-5.3.5.jar:/Users/Thongchai/.m2/repository/org/springframework/spring-aop/5.3.5/spring-aop-5.3.5.jar:/Users/Thongchai/.m2/repository/org/springframework/spring-expression/5.3.5/spring-expression-5.3.5.jar:/Users/Thongchai/.m2/repository/org/springframework/boot/spring-boot-autoconfigure/2.4.4/spring-boot-autoconfigure-2.4.4.jar:/Users/Thongchai/.m2/repository/org/springframework/boot/spring-boot-starter-logging/2.4.4/spring-boot-starter-logging-2.4.4.jar:/Users/Thongchai/.m2/repository/ch/qos/logback/logback-classic/1.2.3/logback-classic-1.2.3.jar:/Users/Thongchai/.m2/repository/ch/qos/logback/logback-core/1.2.3/logback-core-1.2.3.jar:/Users/Thongchai/.m2/repository/org/apache/logging/log4j/log4j-to-slf4j/2.13.3/log4j-to-slf4j-2.13.3.jar:/Users/Thongchai/.m2/repository/org/apache/logging/log4j/log4j-api/2.13.3/log4j-api-2.13.3.jar:/Users/Thongchai/.m2/repository/org/slf4j/jul-to-slf4j/1.7.30/jul-to-slf4j-1.7.30.jar:/Users/Thongchai/.m2/repository/jakarta/annotation/jakarta.annotation-api/1.3.5/jakarta.annotation-api-1.3.5.jar:/Users/Thongchai/.m2/repository/org/yaml/snakeyaml/1.27/snakeyaml-1.27.jar:/Users/Thongchai/.m2/repository/org/springframework/boot/spring-boot-starter-json/2.4.4/spring-boot-starter-json-2.4.4.jar:/Users/Thongchai/.m2/repository/com/fasterxml/jackson/core/jackson-databind/2.11.4/jackson-databind-2.11.4.jar:/Users/Thongchai/.m2/repository/com/fasterxml/jackson/datatype/jackson-datatype-jdk8/2.11.4/jackson-datatype
Launcher Type: SUN_STANDARD

Environment Variables:
PATH=/usr/local/Caskroom/google-cloud-sdk/latest/google-cloud-sdk/bin:/Library/Frameworks/Python.framework/Versions/3.9/bin:/usr/local/bin:/usr/bin:/bin:/usr/sbin:/sbin
SHELL=/bin/zsh

Signal Handlers:
SIGSEGV: [libjvm.dylib+0x58b0d3], sa_mask[0]=11111111011111110111111111111111, sa_flags=SA_ONSTACK|SA_RESTART|SA_SIGINFO
SIGBUS: [libjvm.dylib+0x58b0d3], sa_mask[0]=11111111011111110111111111111111, sa_flags=SA_RESTART|SA_SIGINFO
SIGFPE: [libjvm.dylib+0x4868d3], sa_mask[0]=11111111011111110111111111111111, sa_flags=SA_RESTART|SA_SIGINFO
SIGPIPE: [libjvm.dylib+0x4868d3], sa_mask[0]=11111111011111110111111111111111, sa_flags=SA_RESTART|SA_SIGINFO
SIGXFSZ: [libjvm.dylib+0x4868d3], sa_mask[0]=11111111011111110111111111111111, sa_flags=SA_RESTART|SA_SIGINFO
SIGILL: [libjvm.dylib+0x4868d3], sa_mask[0]=11111111011111110111111111111111, sa_flags=SA_RESTART|SA_SIGINFO
SIGUSR1: SIG_DFL, sa_mask[0]=00000000000000000000000000000000, sa_flags=none
SIGUSR2: [libjvm.dylib+0x4871a9], sa_mask[0]=00100000000000000000000000000000, sa_flags=SA_RESTART|SA_SIGINFO
SIGHUP: [libjvm.dylib+0x485399], sa_mask[0]=11111111011111110111111111111111, sa_flags=SA_RESTART|SA_SIGINFO
SIGINT: [libjvm.dylib+0x485399], sa_mask[0]=11111111011111110111111111111111, sa_flags=SA_RESTART|SA_SIGINFO
SIGTERM: [libjvm.dylib+0x485399], sa_mask[0]=11111111011111110111111111111111, sa_flags=SA_RESTART|SA_SIGINFO
SIGQUIT: [libjvm.dylib+0x485399], sa_mask[0]=11111111011111110111111111111111, sa_flags=SA_RESTART|SA_SIGINFO


---------------  S Y S T E M  ---------------

OS:Bsduname:Darwin 20.3.0 Darwin Kernel Version 20.3.0: Thu Jan 21 00:07:06 PST 2021; root:xnu-7195.81.3~1/RELEASE_X86_64 x86_64
rlimit: STACK 8192k, CORE 0k, NPROC 2784, NOFILE 10240, AS infinity
load average:4.26 4.54 4.73

CPU:total 4 (initial active 4) (2 cores per cpu, 2 threads per core) family 6 model 142 stepping 9, cmov, cx8, fxsr, mmx, sse, sse2, sse3, ssse3, sse4.1, sse4.2, popcnt, avx, avx2, aes, clmul, erms, 3dnowpref, lzcnt, ht, tsc, tscinvbit, bmi1, bmi2, adx

Memory: 4k page, physical 16777216k(237332k free)

/proc/meminfo:


vm_info: OpenJDK 64-Bit Server VM (25.282-b00) for bsd-amd64 JRE (1.8.0_282-bre_2021_01_20_16_06-b00), built on Jan 20 2021 16:12:35 by "brew" with gcc Apple LLVM 12.0.0 (clang-1200.0.32.28)

time: Mon Mar 29 15:23:19 2021
timezone: +07
elapsed time: 20.185025 seconds (0d 0h 0m 20s)

